[2019-01-21 13:57:51] INFO  ApplicationStarter.logStarting #  - Starting ApplicationStarter on DESKTOP-G8I4D3R with PID 238256 (C:\Users\admin\IdeaProjects\lottery\lottery-api\target\classes started by admin in C:\Users\admin\IdeaProjects\lottery)
[2019-01-21 13:57:51] INFO  ApplicationStarter.logStartupProfileInfo #  - The following profiles are active: dev
[2019-01-21 13:57:55] INFO  Http11NioProtocol.log #  - Initializing ProtocolHandler ["http-nio-8082"]
[2019-01-21 13:57:55] INFO  StandardService.log #  - Starting service [Tomcat]
[2019-01-21 13:57:55] INFO  StandardEngine.log #  - Starting Servlet Engine: Apache Tomcat/9.0.13
[2019-01-21 13:57:55] INFO  AprLifecycleListener.log #  - An older version [1.2.16] of the APR based Apache Tomcat Native library is installed, while Tomcat recommends a minimum version of [1.2.18]
[2019-01-21 13:57:55] INFO  AprLifecycleListener.log #  - Loaded APR based Apache Tomcat Native library [1.2.16] using APR version [1.6.3].
[2019-01-21 13:57:55] INFO  AprLifecycleListener.log #  - APR capabilities: IPv6 [true], sendfile [true], accept filters [false], random [true].
[2019-01-21 13:57:55] INFO  AprLifecycleListener.log #  - APR/OpenSSL configuration: useAprConnector [false], useOpenSSL [true]
[2019-01-21 13:57:56] INFO  AprLifecycleListener.log #  - OpenSSL successfully initialized [OpenSSL 1.0.2m  2 Nov 2017]
[2019-01-21 13:57:57] INFO  [/].log #  - Initializing Spring embedded WebApplicationContext
[2019-01-21 13:57:58] INFO  DocumentationPluginsBootstrapper.start #  - Context refreshed
[2019-01-21 13:57:58] INFO  DocumentationPluginsBootstrapper.start #  - Found 1 custom documentation plugin(s)
[2019-01-21 13:57:58] INFO  ApiListingReferenceScanner.scan #  - Scanning for api listing references
[2019-01-21 13:57:58] INFO  CachingOperationNameGenerator.startingWith #  - Generating unique operation named: handleUsingGET_1
[2019-01-21 13:57:58] INFO  CachingOperationNameGenerator.startingWith #  - Generating unique operation named: handleUsingGET_2
[2019-01-21 13:57:58] INFO  CachingOperationNameGenerator.startingWith #  - Generating unique operation named: handleUsingGET_3
[2019-01-21 13:57:58] INFO  Http11NioProtocol.log #  - Starting ProtocolHandler ["http-nio-8082"]
[2019-01-21 13:57:58] INFO  NioSelectorPool.log #  - Using a shared selector for servlet write/read
[2019-01-21 13:57:59] INFO  ApplicationStarter.logStarted #  - Started ApplicationStarter in 9.917 seconds (JVM running for 12.481)
[2019-01-21 13:58:18] INFO  ApplicationStarter.logStarting #  - Starting ApplicationStarter on DESKTOP-G8I4D3R with PID 236372 (C:\Users\admin\IdeaProjects\lottery\lottery-api\target\classes started by admin in C:\Users\admin\IdeaProjects\lottery)
[2019-01-21 13:58:18] INFO  ApplicationStarter.logStartupProfileInfo #  - The following profiles are active: dev
[2019-01-21 13:58:22] INFO  Http11NioProtocol.log #  - Initializing ProtocolHandler ["http-nio-8082"]
[2019-01-21 13:58:22] INFO  StandardService.log #  - Starting service [Tomcat]
[2019-01-21 13:58:22] INFO  StandardEngine.log #  - Starting Servlet Engine: Apache Tomcat/9.0.13
[2019-01-21 13:58:22] INFO  AprLifecycleListener.log #  - An older version [1.2.16] of the APR based Apache Tomcat Native library is installed, while Tomcat recommends a minimum version of [1.2.18]
[2019-01-21 13:58:22] INFO  AprLifecycleListener.log #  - Loaded APR based Apache Tomcat Native library [1.2.16] using APR version [1.6.3].
[2019-01-21 13:58:22] INFO  AprLifecycleListener.log #  - APR capabilities: IPv6 [true], sendfile [true], accept filters [false], random [true].
[2019-01-21 13:58:22] INFO  AprLifecycleListener.log #  - APR/OpenSSL configuration: useAprConnector [false], useOpenSSL [true]
[2019-01-21 13:58:23] INFO  AprLifecycleListener.log #  - OpenSSL successfully initialized [OpenSSL 1.0.2m  2 Nov 2017]
[2019-01-21 13:58:24] INFO  [/].log #  - Initializing Spring embedded WebApplicationContext
[2019-01-21 13:58:25] INFO  DocumentationPluginsBootstrapper.start #  - Context refreshed
[2019-01-21 13:58:25] INFO  DocumentationPluginsBootstrapper.start #  - Found 1 custom documentation plugin(s)
[2019-01-21 13:58:25] INFO  ApiListingReferenceScanner.scan #  - Scanning for api listing references
[2019-01-21 13:58:26] INFO  CachingOperationNameGenerator.startingWith #  - Generating unique operation named: handleUsingGET_1
[2019-01-21 13:58:26] INFO  CachingOperationNameGenerator.startingWith #  - Generating unique operation named: handleUsingGET_2
[2019-01-21 13:58:26] INFO  CachingOperationNameGenerator.startingWith #  - Generating unique operation named: handleUsingGET_3
[2019-01-21 13:58:26] INFO  Http11NioProtocol.log #  - Starting ProtocolHandler ["http-nio-8082"]
[2019-01-21 13:58:26] INFO  NioSelectorPool.log #  - Using a shared selector for servlet write/read
[2019-01-21 13:58:26] INFO  ApplicationStarter.logStarted #  - Started ApplicationStarter in 8.322 seconds (JVM running for 8.959)
[2019-01-21 14:01:11] INFO  ApplicationStarter.logStarting #  - Starting ApplicationStarter on DESKTOP-G8I4D3R with PID 236180 (C:\Users\admin\IdeaProjects\lottery\lottery-api\target\classes started by admin in C:\Users\admin\IdeaProjects\lottery)
[2019-01-21 14:01:11] INFO  ApplicationStarter.logStartupProfileInfo #  - The following profiles are active: dev
[2019-01-21 14:01:14] INFO  Http11NioProtocol.log #  - Initializing ProtocolHandler ["http-nio-8082"]
[2019-01-21 14:01:14] INFO  StandardService.log #  - Starting service [Tomcat]
[2019-01-21 14:01:14] INFO  StandardEngine.log #  - Starting Servlet Engine: Apache Tomcat/9.0.13
[2019-01-21 14:01:14] INFO  AprLifecycleListener.log #  - An older version [1.2.16] of the APR based Apache Tomcat Native library is installed, while Tomcat recommends a minimum version of [1.2.18]
[2019-01-21 14:01:14] INFO  AprLifecycleListener.log #  - Loaded APR based Apache Tomcat Native library [1.2.16] using APR version [1.6.3].
[2019-01-21 14:01:14] INFO  AprLifecycleListener.log #  - APR capabilities: IPv6 [true], sendfile [true], accept filters [false], random [true].
[2019-01-21 14:01:14] INFO  AprLifecycleListener.log #  - APR/OpenSSL configuration: useAprConnector [false], useOpenSSL [true]
[2019-01-21 14:01:15] INFO  AprLifecycleListener.log #  - OpenSSL successfully initialized [OpenSSL 1.0.2m  2 Nov 2017]
[2019-01-21 14:01:16] INFO  [/].log #  - Initializing Spring embedded WebApplicationContext
[2019-01-21 14:01:17] INFO  DocumentationPluginsBootstrapper.start #  - Context refreshed
[2019-01-21 14:01:18] INFO  DocumentationPluginsBootstrapper.start #  - Found 1 custom documentation plugin(s)
[2019-01-21 14:01:18] INFO  ApiListingReferenceScanner.scan #  - Scanning for api listing references
[2019-01-21 14:01:18] INFO  CachingOperationNameGenerator.startingWith #  - Generating unique operation named: handleUsingGET_1
[2019-01-21 14:01:18] INFO  CachingOperationNameGenerator.startingWith #  - Generating unique operation named: handleUsingGET_2
[2019-01-21 14:01:18] INFO  CachingOperationNameGenerator.startingWith #  - Generating unique operation named: handleUsingGET_3
[2019-01-21 14:01:18] INFO  Http11NioProtocol.log #  - Starting ProtocolHandler ["http-nio-8082"]
[2019-01-21 14:01:18] INFO  NioSelectorPool.log #  - Using a shared selector for servlet write/read
[2019-01-21 14:01:18] INFO  ApplicationStarter.logStarted #  - Started ApplicationStarter in 7.815 seconds (JVM running for 8.47)
[2019-01-21 14:01:29] INFO  ApplicationStarter.logStarting #  - Starting ApplicationStarter on DESKTOP-G8I4D3R with PID 227672 (C:\Users\admin\IdeaProjects\lottery\lottery-api\target\classes started by admin in C:\Users\admin\IdeaProjects\lottery)
[2019-01-21 14:01:29] INFO  ApplicationStarter.logStartupProfileInfo #  - The following profiles are active: dev
[2019-01-21 14:01:33] INFO  Http11NioProtocol.log #  - Initializing ProtocolHandler ["http-nio-8082"]
[2019-01-21 14:01:33] INFO  StandardService.log #  - Starting service [Tomcat]
[2019-01-21 14:01:33] INFO  StandardEngine.log #  - Starting Servlet Engine: Apache Tomcat/9.0.13
[2019-01-21 14:01:33] INFO  AprLifecycleListener.log #  - An older version [1.2.16] of the APR based Apache Tomcat Native library is installed, while Tomcat recommends a minimum version of [1.2.18]
[2019-01-21 14:01:33] INFO  AprLifecycleListener.log #  - Loaded APR based Apache Tomcat Native library [1.2.16] using APR version [1.6.3].
[2019-01-21 14:01:33] INFO  AprLifecycleListener.log #  - APR capabilities: IPv6 [true], sendfile [true], accept filters [false], random [true].
[2019-01-21 14:01:33] INFO  AprLifecycleListener.log #  - APR/OpenSSL configuration: useAprConnector [false], useOpenSSL [true]
[2019-01-21 14:01:34] INFO  AprLifecycleListener.log #  - OpenSSL successfully initialized [OpenSSL 1.0.2m  2 Nov 2017]
[2019-01-21 14:01:34] INFO  [/].log #  - Initializing Spring embedded WebApplicationContext
[2019-01-21 14:01:36] INFO  DocumentationPluginsBootstrapper.start #  - Context refreshed
[2019-01-21 14:01:36] INFO  DocumentationPluginsBootstrapper.start #  - Found 1 custom documentation plugin(s)
[2019-01-21 14:01:36] INFO  ApiListingReferenceScanner.scan #  - Scanning for api listing references
[2019-01-21 14:01:36] INFO  CachingOperationNameGenerator.startingWith #  - Generating unique operation named: handleUsingGET_1
[2019-01-21 14:01:36] INFO  CachingOperationNameGenerator.startingWith #  - Generating unique operation named: handleUsingGET_2
[2019-01-21 14:01:36] INFO  CachingOperationNameGenerator.startingWith #  - Generating unique operation named: handleUsingGET_3
[2019-01-21 14:01:36] INFO  Http11NioProtocol.log #  - Starting ProtocolHandler ["http-nio-8082"]
[2019-01-21 14:01:36] INFO  NioSelectorPool.log #  - Using a shared selector for servlet write/read
[2019-01-21 14:01:36] INFO  ApplicationStarter.logStarted #  - Started ApplicationStarter in 7.082 seconds (JVM running for 7.72)
[2019-01-21 16:34:16] INFO  ApplicationStarter.logStarting #  - Starting ApplicationStarter on DESKTOP-G8I4D3R with PID 240780 (C:\Users\admin\IdeaProjects\lottery\lottery-api\target\classes started by admin in C:\Users\admin\IdeaProjects\lottery)
[2019-01-21 16:34:16] INFO  ApplicationStarter.logStartupProfileInfo #  - The following profiles are active: dev
[2019-01-21 16:34:19] INFO  Http11NioProtocol.log #  - Initializing ProtocolHandler ["http-nio-8082"]
[2019-01-21 16:34:19] INFO  StandardService.log #  - Starting service [Tomcat]
[2019-01-21 16:34:19] INFO  StandardEngine.log #  - Starting Servlet Engine: Apache Tomcat/9.0.13
[2019-01-21 16:34:19] INFO  AprLifecycleListener.log #  - An older version [1.2.16] of the APR based Apache Tomcat Native library is installed, while Tomcat recommends a minimum version of [1.2.18]
[2019-01-21 16:34:19] INFO  AprLifecycleListener.log #  - Loaded APR based Apache Tomcat Native library [1.2.16] using APR version [1.6.3].
[2019-01-21 16:34:19] INFO  AprLifecycleListener.log #  - APR capabilities: IPv6 [true], sendfile [true], accept filters [false], random [true].
[2019-01-21 16:34:19] INFO  AprLifecycleListener.log #  - APR/OpenSSL configuration: useAprConnector [false], useOpenSSL [true]
[2019-01-21 16:34:20] INFO  AprLifecycleListener.log #  - OpenSSL successfully initialized [OpenSSL 1.0.2m  2 Nov 2017]
[2019-01-21 16:34:21] INFO  [/].log #  - Initializing Spring embedded WebApplicationContext
[2019-01-21 16:34:22] INFO  Http11NioProtocol.log #  - Initializing ProtocolHandler ["http-nio-127.0.0.1-9522"]
[2019-01-21 16:34:22] INFO  StandardService.log #  - Starting service [Tomcat]
[2019-01-21 16:34:22] INFO  StandardEngine.log #  - Starting Servlet Engine: Apache Tomcat/9.0.13
[2019-01-21 16:34:22] INFO  [/].log #  - Initializing Spring embedded WebApplicationContext
[2019-01-21 16:34:23] INFO  Http11NioProtocol.log #  - Starting ProtocolHandler ["http-nio-127.0.0.1-9522"]
[2019-01-21 16:34:23] INFO  NioSelectorPool.log #  - Using a shared selector for servlet write/read
[2019-01-21 16:34:23] INFO  DocumentationPluginsBootstrapper.start #  - Context refreshed
[2019-01-21 16:34:23] INFO  DocumentationPluginsBootstrapper.start #  - Found 1 custom documentation plugin(s)
[2019-01-21 16:34:23] INFO  ApiListingReferenceScanner.scan #  - Scanning for api listing references
[2019-01-21 16:34:23] INFO  Http11NioProtocol.log #  - Starting ProtocolHandler ["http-nio-8082"]
[2019-01-21 16:34:23] INFO  NioSelectorPool.log #  - Using a shared selector for servlet write/read
[2019-01-21 16:34:23] INFO  ApplicationStarter.logStarted #  - Started ApplicationStarter in 7.93 seconds (JVM running for 8.947)
[2019-01-21 17:13:31] INFO  ApplicationStarter.logStarting #  - Starting ApplicationStarter on DESKTOP-G8I4D3R with PID 242368 (C:\Users\admin\IdeaProjects\lottery\lottery-api\target\classes started by admin in C:\Users\admin\IdeaProjects\lottery)
[2019-01-21 17:13:31] INFO  ApplicationStarter.logStartupProfileInfo #  - The following profiles are active: dev
[2019-01-21 17:13:34] INFO  Http11NioProtocol.log #  - Initializing ProtocolHandler ["http-nio-8082"]
[2019-01-21 17:13:34] INFO  StandardService.log #  - Starting service [Tomcat]
[2019-01-21 17:13:34] INFO  StandardEngine.log #  - Starting Servlet Engine: Apache Tomcat/9.0.13
[2019-01-21 17:13:34] INFO  AprLifecycleListener.log #  - An older version [1.2.16] of the APR based Apache Tomcat Native library is installed, while Tomcat recommends a minimum version of [1.2.18]
[2019-01-21 17:13:34] INFO  AprLifecycleListener.log #  - Loaded APR based Apache Tomcat Native library [1.2.16] using APR version [1.6.3].
[2019-01-21 17:13:34] INFO  AprLifecycleListener.log #  - APR capabilities: IPv6 [true], sendfile [true], accept filters [false], random [true].
[2019-01-21 17:13:34] INFO  AprLifecycleListener.log #  - APR/OpenSSL configuration: useAprConnector [false], useOpenSSL [true]
[2019-01-21 17:13:36] INFO  AprLifecycleListener.log #  - OpenSSL successfully initialized [OpenSSL 1.0.2m  2 Nov 2017]
[2019-01-21 17:13:36] INFO  [/].log #  - Initializing Spring embedded WebApplicationContext
[2019-01-21 17:13:37] INFO  Http11NioProtocol.log #  - Initializing ProtocolHandler ["http-nio-127.0.0.1-9522"]
[2019-01-21 17:13:37] INFO  StandardService.log #  - Starting service [Tomcat]
[2019-01-21 17:13:37] INFO  StandardEngine.log #  - Starting Servlet Engine: Apache Tomcat/9.0.13
[2019-01-21 17:13:38] INFO  [/].log #  - Initializing Spring embedded WebApplicationContext
[2019-01-21 17:13:38] INFO  Http11NioProtocol.log #  - Starting ProtocolHandler ["http-nio-127.0.0.1-9522"]
[2019-01-21 17:13:38] INFO  NioSelectorPool.log #  - Using a shared selector for servlet write/read
[2019-01-21 17:13:38] INFO  DocumentationPluginsBootstrapper.start #  - Context refreshed
[2019-01-21 17:13:38] INFO  DocumentationPluginsBootstrapper.start #  - Found 1 custom documentation plugin(s)
[2019-01-21 17:13:38] INFO  ApiListingReferenceScanner.scan #  - Scanning for api listing references
[2019-01-21 17:13:38] INFO  Http11NioProtocol.log #  - Starting ProtocolHandler ["http-nio-8082"]
[2019-01-21 17:13:38] INFO  NioSelectorPool.log #  - Using a shared selector for servlet write/read
[2019-01-21 17:13:38] INFO  ApplicationStarter.logStarted #  - Started ApplicationStarter in 8.005 seconds (JVM running for 8.69)
[2019-01-21 17:14:45] INFO  ApplicationStarter.logStarting #  - Starting ApplicationStarter on DESKTOP-G8I4D3R with PID 240472 (C:\Users\admin\IdeaProjects\lottery\lottery-api\target\classes started by admin in C:\Users\admin\IdeaProjects\lottery)
[2019-01-21 17:14:45] INFO  ApplicationStarter.logStartupProfileInfo #  - The following profiles are active: dev
[2019-01-21 17:14:49] INFO  Http11NioProtocol.log #  - Initializing ProtocolHandler ["http-nio-8082"]
[2019-01-21 17:14:49] INFO  StandardService.log #  - Starting service [Tomcat]
[2019-01-21 17:14:49] INFO  StandardEngine.log #  - Starting Servlet Engine: Apache Tomcat/9.0.13
[2019-01-21 17:14:49] INFO  AprLifecycleListener.log #  - An older version [1.2.16] of the APR based Apache Tomcat Native library is installed, while Tomcat recommends a minimum version of [1.2.18]
[2019-01-21 17:14:49] INFO  AprLifecycleListener.log #  - Loaded APR based Apache Tomcat Native library [1.2.16] using APR version [1.6.3].
[2019-01-21 17:14:49] INFO  AprLifecycleListener.log #  - APR capabilities: IPv6 [true], sendfile [true], accept filters [false], random [true].
[2019-01-21 17:14:49] INFO  AprLifecycleListener.log #  - APR/OpenSSL configuration: useAprConnector [false], useOpenSSL [true]
[2019-01-21 17:14:50] INFO  AprLifecycleListener.log #  - OpenSSL successfully initialized [OpenSSL 1.0.2m  2 Nov 2017]
[2019-01-21 17:14:50] INFO  [/].log #  - Initializing Spring embedded WebApplicationContext
[2019-01-21 17:14:53] INFO  Http11NioProtocol.log #  - Initializing ProtocolHandler ["http-nio-127.0.0.1-9522"]
[2019-01-21 17:14:53] INFO  StandardService.log #  - Starting service [Tomcat]
[2019-01-21 17:14:53] INFO  StandardEngine.log #  - Starting Servlet Engine: Apache Tomcat/9.0.13
[2019-01-21 17:14:53] INFO  [/].log #  - Initializing Spring embedded WebApplicationContext
[2019-01-21 17:14:53] INFO  Http11NioProtocol.log #  - Starting ProtocolHandler ["http-nio-127.0.0.1-9522"]
[2019-01-21 17:14:53] INFO  NioSelectorPool.log #  - Using a shared selector for servlet write/read
[2019-01-21 17:14:53] INFO  DocumentationPluginsBootstrapper.start #  - Context refreshed
[2019-01-21 17:14:53] INFO  DocumentationPluginsBootstrapper.start #  - Found 1 custom documentation plugin(s)
[2019-01-21 17:14:53] INFO  ApiListingReferenceScanner.scan #  - Scanning for api listing references
[2019-01-21 17:14:53] INFO  Http11NioProtocol.log #  - Starting ProtocolHandler ["http-nio-8082"]
[2019-01-21 17:14:53] INFO  NioSelectorPool.log #  - Using a shared selector for servlet write/read
[2019-01-21 17:14:53] INFO  ApplicationStarter.logStarted #  - Started ApplicationStarter in 8.79 seconds (JVM running for 9.422)
[2019-01-21 17:43:44] INFO  ApplicationStarter.logStarting #  - Starting ApplicationStarter on DESKTOP-G8I4D3R with PID 242620 (C:\Users\admin\IdeaProjects\lottery\lottery-api\target\classes started by admin in C:\Users\admin\IdeaProjects\lottery)
[2019-01-21 17:43:44] INFO  ApplicationStarter.logStartupProfileInfo #  - The following profiles are active: dev
[2019-01-21 17:43:48] INFO  Http11NioProtocol.log #  - Initializing ProtocolHandler ["http-nio-8082"]
[2019-01-21 17:43:48] INFO  StandardService.log #  - Starting service [Tomcat]
[2019-01-21 17:43:48] INFO  StandardEngine.log #  - Starting Servlet Engine: Apache Tomcat/9.0.13
[2019-01-21 17:43:48] INFO  AprLifecycleListener.log #  - An older version [1.2.16] of the APR based Apache Tomcat Native library is installed, while Tomcat recommends a minimum version of [1.2.18]
[2019-01-21 17:43:48] INFO  AprLifecycleListener.log #  - Loaded APR based Apache Tomcat Native library [1.2.16] using APR version [1.6.3].
[2019-01-21 17:43:48] INFO  AprLifecycleListener.log #  - APR capabilities: IPv6 [true], sendfile [true], accept filters [false], random [true].
[2019-01-21 17:43:48] INFO  AprLifecycleListener.log #  - APR/OpenSSL configuration: useAprConnector [false], useOpenSSL [true]
[2019-01-21 17:43:49] INFO  AprLifecycleListener.log #  - OpenSSL successfully initialized [OpenSSL 1.0.2m  2 Nov 2017]
[2019-01-21 17:43:49] INFO  [/].log #  - Initializing Spring embedded WebApplicationContext
[2019-01-21 17:43:51] INFO  Http11NioProtocol.log #  - Initializing ProtocolHandler ["http-nio-127.0.0.1-9522"]
[2019-01-21 17:43:51] INFO  StandardService.log #  - Starting service [Tomcat]
[2019-01-21 17:43:51] INFO  StandardEngine.log #  - Starting Servlet Engine: Apache Tomcat/9.0.13
[2019-01-21 17:43:51] INFO  [/].log #  - Initializing Spring embedded WebApplicationContext
[2019-01-21 17:43:51] INFO  Http11NioProtocol.log #  - Starting ProtocolHandler ["http-nio-127.0.0.1-9522"]
[2019-01-21 17:43:51] INFO  NioSelectorPool.log #  - Using a shared selector for servlet write/read
[2019-01-21 17:43:51] INFO  DocumentationPluginsBootstrapper.start #  - Context refreshed
[2019-01-21 17:43:51] INFO  DocumentationPluginsBootstrapper.start #  - Found 1 custom documentation plugin(s)
[2019-01-21 17:43:51] INFO  ApiListingReferenceScanner.scan #  - Scanning for api listing references
[2019-01-21 17:43:51] INFO  Http11NioProtocol.log #  - Starting ProtocolHandler ["http-nio-8082"]
[2019-01-21 17:43:51] INFO  NioSelectorPool.log #  - Using a shared selector for servlet write/read
[2019-01-21 17:43:51] INFO  ApplicationStarter.logStarted #  - Started ApplicationStarter in 8.621 seconds (JVM running for 9.55)
[2019-01-21 17:51:20] INFO  ApplicationStarter.logStarting #  - Starting ApplicationStarter on DESKTOP-G8I4D3R with PID 243536 (C:\Users\admin\IdeaProjects\lottery\lottery-api\target\classes started by admin in C:\Users\admin\IdeaProjects\lottery)
[2019-01-21 17:51:20] INFO  ApplicationStarter.logStartupProfileInfo #  - The following profiles are active: dev
[2019-01-21 17:51:24] INFO  Http11NioProtocol.log #  - Initializing ProtocolHandler ["http-nio-8082"]
[2019-01-21 17:51:24] INFO  StandardService.log #  - Starting service [Tomcat]
[2019-01-21 17:51:24] INFO  StandardEngine.log #  - Starting Servlet Engine: Apache Tomcat/9.0.13
[2019-01-21 17:51:24] INFO  AprLifecycleListener.log #  - An older version [1.2.16] of the APR based Apache Tomcat Native library is installed, while Tomcat recommends a minimum version of [1.2.18]
[2019-01-21 17:51:24] INFO  AprLifecycleListener.log #  - Loaded APR based Apache Tomcat Native library [1.2.16] using APR version [1.6.3].
[2019-01-21 17:51:24] INFO  AprLifecycleListener.log #  - APR capabilities: IPv6 [true], sendfile [true], accept filters [false], random [true].
[2019-01-21 17:51:24] INFO  AprLifecycleListener.log #  - APR/OpenSSL configuration: useAprConnector [false], useOpenSSL [true]
[2019-01-21 17:51:25] INFO  AprLifecycleListener.log #  - OpenSSL successfully initialized [OpenSSL 1.0.2m  2 Nov 2017]
[2019-01-21 17:51:25] INFO  [/].log #  - Initializing Spring embedded WebApplicationContext
[2019-01-21 17:51:27] INFO  Http11NioProtocol.log #  - Initializing ProtocolHandler ["http-nio-127.0.0.1-9522"]
[2019-01-21 17:51:27] INFO  StandardService.log #  - Starting service [Tomcat]
[2019-01-21 17:51:27] INFO  StandardEngine.log #  - Starting Servlet Engine: Apache Tomcat/9.0.13
[2019-01-21 17:51:27] INFO  [/].log #  - Initializing Spring embedded WebApplicationContext
[2019-01-21 17:51:27] INFO  Http11NioProtocol.log #  - Starting ProtocolHandler ["http-nio-127.0.0.1-9522"]
[2019-01-21 17:51:27] INFO  NioSelectorPool.log #  - Using a shared selector for servlet write/read
[2019-01-21 17:51:27] INFO  DocumentationPluginsBootstrapper.start #  - Context refreshed
[2019-01-21 17:51:27] INFO  DocumentationPluginsBootstrapper.start #  - Found 1 custom documentation plugin(s)
[2019-01-21 17:51:27] INFO  ApiListingReferenceScanner.scan #  - Scanning for api listing references
[2019-01-21 17:51:27] INFO  Http11NioProtocol.log #  - Starting ProtocolHandler ["http-nio-8082"]
[2019-01-21 17:51:27] INFO  NioSelectorPool.log #  - Using a shared selector for servlet write/read
[2019-01-21 17:51:27] INFO  ApplicationStarter.logStarted #  - Started ApplicationStarter in 7.544 seconds (JVM running for 8.316)
[2019-01-21 17:55:19] INFO  ApplicationStarter.logStarting #  - Starting ApplicationStarter on DESKTOP-G8I4D3R with PID 243196 (C:\Users\admin\IdeaProjects\lottery\lottery-api\target\classes started by admin in C:\Users\admin\IdeaProjects\lottery)
[2019-01-21 17:55:19] INFO  ApplicationStarter.logStartupProfileInfo #  - The following profiles are active: dev
[2019-01-21 17:55:22] INFO  Http11NioProtocol.log #  - Initializing ProtocolHandler ["http-nio-8082"]
[2019-01-21 17:55:22] INFO  StandardService.log #  - Starting service [Tomcat]
[2019-01-21 17:55:22] INFO  StandardEngine.log #  - Starting Servlet Engine: Apache Tomcat/9.0.13
[2019-01-21 17:55:22] INFO  AprLifecycleListener.log #  - An older version [1.2.16] of the APR based Apache Tomcat Native library is installed, while Tomcat recommends a minimum version of [1.2.18]
[2019-01-21 17:55:22] INFO  AprLifecycleListener.log #  - Loaded APR based Apache Tomcat Native library [1.2.16] using APR version [1.6.3].
[2019-01-21 17:55:22] INFO  AprLifecycleListener.log #  - APR capabilities: IPv6 [true], sendfile [true], accept filters [false], random [true].
[2019-01-21 17:55:22] INFO  AprLifecycleListener.log #  - APR/OpenSSL configuration: useAprConnector [false], useOpenSSL [true]
[2019-01-21 17:55:23] INFO  AprLifecycleListener.log #  - OpenSSL successfully initialized [OpenSSL 1.0.2m  2 Nov 2017]
[2019-01-21 17:55:23] INFO  [/].log #  - Initializing Spring embedded WebApplicationContext
[2019-01-21 17:55:25] INFO  Http11NioProtocol.log #  - Initializing ProtocolHandler ["http-nio-127.0.0.1-9522"]
[2019-01-21 17:55:25] INFO  StandardService.log #  - Starting service [Tomcat]
[2019-01-21 17:55:25] INFO  StandardEngine.log #  - Starting Servlet Engine: Apache Tomcat/9.0.13
[2019-01-21 17:55:25] INFO  [/].log #  - Initializing Spring embedded WebApplicationContext
[2019-01-21 17:55:25] INFO  Http11NioProtocol.log #  - Starting ProtocolHandler ["http-nio-127.0.0.1-9522"]
[2019-01-21 17:55:25] INFO  NioSelectorPool.log #  - Using a shared selector for servlet write/read
[2019-01-21 17:55:25] INFO  DocumentationPluginsBootstrapper.start #  - Context refreshed
[2019-01-21 17:55:25] INFO  DocumentationPluginsBootstrapper.start #  - Found 1 custom documentation plugin(s)
[2019-01-21 17:55:25] INFO  ApiListingReferenceScanner.scan #  - Scanning for api listing references
[2019-01-21 17:55:25] INFO  Http11NioProtocol.log #  - Starting ProtocolHandler ["http-nio-8082"]
[2019-01-21 17:55:25] INFO  NioSelectorPool.log #  - Using a shared selector for servlet write/read
[2019-01-21 17:55:25] INFO  ApplicationStarter.logStarted #  - Started ApplicationStarter in 6.904 seconds (JVM running for 8.807)
[2019-01-21 17:55:26] INFO  [/].log #  - Initializing Spring DispatcherServlet 'dispatcherServlet'
[2019-01-21 17:57:19] INFO  ApplicationStarter.logStarting #  - Starting ApplicationStarter on DESKTOP-G8I4D3R with PID 242932 (C:\Users\admin\IdeaProjects\lottery\lottery-api\target\classes started by admin in C:\Users\admin\IdeaProjects\lottery)
[2019-01-21 17:57:19] INFO  ApplicationStarter.logStartupProfileInfo #  - The following profiles are active: dev
[2019-01-21 17:57:20] INFO  Http11NioProtocol.log #  - Initializing ProtocolHandler ["http-nio-8082"]
[2019-01-21 17:57:20] INFO  StandardService.log #  - Starting service [Tomcat]
[2019-01-21 17:57:20] INFO  StandardEngine.log #  - Starting Servlet Engine: Apache Tomcat/9.0.13
[2019-01-21 17:57:20] INFO  AprLifecycleListener.log #  - An older version [1.2.16] of the APR based Apache Tomcat Native library is installed, while Tomcat recommends a minimum version of [1.2.18]
[2019-01-21 17:57:20] INFO  AprLifecycleListener.log #  - Loaded APR based Apache Tomcat Native library [1.2.16] using APR version [1.6.3].
[2019-01-21 17:57:20] INFO  AprLifecycleListener.log #  - APR capabilities: IPv6 [true], sendfile [true], accept filters [false], random [true].
[2019-01-21 17:57:20] INFO  AprLifecycleListener.log #  - APR/OpenSSL configuration: useAprConnector [false], useOpenSSL [true]
[2019-01-21 17:57:22] INFO  AprLifecycleListener.log #  - OpenSSL successfully initialized [OpenSSL 1.0.2m  2 Nov 2017]
[2019-01-21 17:57:22] INFO  [/].log #  - Initializing Spring embedded WebApplicationContext
[2019-01-21 17:57:23] INFO  Http11NioProtocol.log #  - Initializing ProtocolHandler ["http-nio-127.0.0.1-9522"]
[2019-01-21 17:57:23] INFO  StandardService.log #  - Starting service [Tomcat]
[2019-01-21 17:57:23] INFO  StandardEngine.log #  - Starting Servlet Engine: Apache Tomcat/9.0.13
[2019-01-21 17:57:23] INFO  [/].log #  - Initializing Spring embedded WebApplicationContext
[2019-01-21 17:57:23] INFO  Http11NioProtocol.log #  - Starting ProtocolHandler ["http-nio-127.0.0.1-9522"]
[2019-01-21 17:57:23] INFO  NioSelectorPool.log #  - Using a shared selector for servlet write/read
[2019-01-21 17:57:23] INFO  DocumentationPluginsBootstrapper.start #  - Context refreshed
[2019-01-21 17:57:23] INFO  DocumentationPluginsBootstrapper.start #  - Found 1 custom documentation plugin(s)
[2019-01-21 17:57:23] INFO  ApiListingReferenceScanner.scan #  - Scanning for api listing references
[2019-01-21 17:57:23] INFO  Http11NioProtocol.log #  - Starting ProtocolHandler ["http-nio-8082"]
[2019-01-21 17:57:23] INFO  NioSelectorPool.log #  - Using a shared selector for servlet write/read
[2019-01-21 17:57:23] INFO  ApplicationStarter.logStarted #  - Started ApplicationStarter in 5.185 seconds (JVM running for 6.3)
[2019-01-21 17:57:24] INFO  [/].log #  - Initializing Spring DispatcherServlet 'dispatcherServlet'
[2019-01-21 17:59:05] INFO  ApplicationStarter.logStarting #  - Starting ApplicationStarter on DESKTOP-G8I4D3R with PID 233612 (C:\Users\admin\IdeaProjects\lottery\lottery-api\target\classes started by admin in C:\Users\admin\IdeaProjects\lottery)
[2019-01-21 17:59:05] INFO  ApplicationStarter.logStartupProfileInfo #  - The following profiles are active: dev
[2019-01-21 17:59:07] INFO  Http11NioProtocol.log #  - Initializing ProtocolHandler ["http-nio-8082"]
[2019-01-21 17:59:07] INFO  StandardService.log #  - Starting service [Tomcat]
[2019-01-21 17:59:07] INFO  StandardEngine.log #  - Starting Servlet Engine: Apache Tomcat/9.0.13
[2019-01-21 17:59:07] INFO  AprLifecycleListener.log #  - An older version [1.2.16] of the APR based Apache Tomcat Native library is installed, while Tomcat recommends a minimum version of [1.2.18]
[2019-01-21 17:59:07] INFO  AprLifecycleListener.log #  - Loaded APR based Apache Tomcat Native library [1.2.16] using APR version [1.6.3].
[2019-01-21 17:59:07] INFO  AprLifecycleListener.log #  - APR capabilities: IPv6 [true], sendfile [true], accept filters [false], random [true].
[2019-01-21 17:59:07] INFO  AprLifecycleListener.log #  - APR/OpenSSL configuration: useAprConnector [false], useOpenSSL [true]
[2019-01-21 17:59:08] INFO  AprLifecycleListener.log #  - OpenSSL successfully initialized [OpenSSL 1.0.2m  2 Nov 2017]
[2019-01-21 17:59:08] INFO  [/].log #  - Initializing Spring embedded WebApplicationContext
[2019-01-21 17:59:09] INFO  Http11NioProtocol.log #  - Initializing ProtocolHandler ["http-nio-127.0.0.1-9522"]
[2019-01-21 17:59:09] INFO  StandardService.log #  - Starting service [Tomcat]
[2019-01-21 17:59:09] INFO  StandardEngine.log #  - Starting Servlet Engine: Apache Tomcat/9.0.13
[2019-01-21 17:59:09] INFO  [/].log #  - Initializing Spring embedded WebApplicationContext
[2019-01-21 17:59:09] INFO  Http11NioProtocol.log #  - Starting ProtocolHandler ["http-nio-127.0.0.1-9522"]
[2019-01-21 17:59:09] INFO  NioSelectorPool.log #  - Using a shared selector for servlet write/read
[2019-01-21 17:59:09] INFO  DocumentationPluginsBootstrapper.start #  - Context refreshed
[2019-01-21 17:59:09] INFO  DocumentationPluginsBootstrapper.start #  - Found 1 custom documentation plugin(s)
[2019-01-21 17:59:09] INFO  ApiListingReferenceScanner.scan #  - Scanning for api listing references
[2019-01-21 17:59:10] INFO  Http11NioProtocol.log #  - Starting ProtocolHandler ["http-nio-8082"]
[2019-01-21 17:59:10] INFO  NioSelectorPool.log #  - Using a shared selector for servlet write/read
[2019-01-21 17:59:10] INFO  ApplicationStarter.logStarted #  - Started ApplicationStarter in 4.747 seconds (JVM running for 5.958)
[2019-01-21 17:59:10] INFO  [/].log #  - Initializing Spring DispatcherServlet 'dispatcherServlet'
[2019-01-21 17:59:32] INFO  ApplicationStarter.logStarting #  - Starting ApplicationStarter on DESKTOP-G8I4D3R with PID 242900 (C:\Users\admin\IdeaProjects\lottery\lottery-api\target\classes started by admin in C:\Users\admin\IdeaProjects\lottery)
[2019-01-21 17:59:32] INFO  ApplicationStarter.logStartupProfileInfo #  - The following profiles are active: dev
[2019-01-21 17:59:34] INFO  Http11NioProtocol.log #  - Initializing ProtocolHandler ["http-nio-8082"]
[2019-01-21 17:59:34] INFO  StandardService.log #  - Starting service [Tomcat]
[2019-01-21 17:59:34] INFO  StandardEngine.log #  - Starting Servlet Engine: Apache Tomcat/9.0.13
[2019-01-21 17:59:34] INFO  AprLifecycleListener.log #  - An older version [1.2.16] of the APR based Apache Tomcat Native library is installed, while Tomcat recommends a minimum version of [1.2.18]
[2019-01-21 17:59:34] INFO  AprLifecycleListener.log #  - Loaded APR based Apache Tomcat Native library [1.2.16] using APR version [1.6.3].
[2019-01-21 17:59:34] INFO  AprLifecycleListener.log #  - APR capabilities: IPv6 [true], sendfile [true], accept filters [false], random [true].
[2019-01-21 17:59:34] INFO  AprLifecycleListener.log #  - APR/OpenSSL configuration: useAprConnector [false], useOpenSSL [true]
[2019-01-21 17:59:35] INFO  AprLifecycleListener.log #  - OpenSSL successfully initialized [OpenSSL 1.0.2m  2 Nov 2017]
[2019-01-21 17:59:35] INFO  [/].log #  - Initializing Spring embedded WebApplicationContext
[2019-01-21 17:59:36] INFO  Http11NioProtocol.log #  - Initializing ProtocolHandler ["http-nio-127.0.0.1-9522"]
[2019-01-21 17:59:36] INFO  StandardService.log #  - Starting service [Tomcat]
[2019-01-21 17:59:36] INFO  StandardEngine.log #  - Starting Servlet Engine: Apache Tomcat/9.0.13
[2019-01-21 17:59:36] INFO  [/].log #  - Initializing Spring embedded WebApplicationContext
[2019-01-21 17:59:36] INFO  Http11NioProtocol.log #  - Starting ProtocolHandler ["http-nio-127.0.0.1-9522"]
[2019-01-21 17:59:36] INFO  NioSelectorPool.log #  - Using a shared selector for servlet write/read
[2019-01-21 17:59:36] INFO  DocumentationPluginsBootstrapper.start #  - Context refreshed
[2019-01-21 17:59:36] INFO  DocumentationPluginsBootstrapper.start #  - Found 1 custom documentation plugin(s)
[2019-01-21 17:59:36] INFO  ApiListingReferenceScanner.scan #  - Scanning for api listing references
[2019-01-21 17:59:36] INFO  Http11NioProtocol.log #  - Starting ProtocolHandler ["http-nio-8082"]
[2019-01-21 17:59:36] INFO  NioSelectorPool.log #  - Using a shared selector for servlet write/read
[2019-01-21 17:59:36] INFO  ApplicationStarter.logStarted #  - Started ApplicationStarter in 4.807 seconds (JVM running for 6.102)
[2019-01-21 17:59:37] INFO  [/].log #  - Initializing Spring DispatcherServlet 'dispatcherServlet'
[2019-01-21 18:06:26] INFO  ApplicationStarter.logStarting #  - Starting ApplicationStarter on DESKTOP-G8I4D3R with PID 243636 (C:\Users\admin\IdeaProjects\lottery\lottery-api\target\classes started by admin in C:\Users\admin\IdeaProjects\lottery)
[2019-01-21 18:06:26] INFO  ApplicationStarter.logStartupProfileInfo #  - The following profiles are active: dev
[2019-01-21 18:06:27] INFO  Http11NioProtocol.log #  - Initializing ProtocolHandler ["http-nio-8082"]
[2019-01-21 18:06:27] INFO  StandardService.log #  - Starting service [Tomcat]
[2019-01-21 18:06:27] INFO  StandardEngine.log #  - Starting Servlet Engine: Apache Tomcat/9.0.13
[2019-01-21 18:06:27] INFO  AprLifecycleListener.log #  - An older version [1.2.16] of the APR based Apache Tomcat Native library is installed, while Tomcat recommends a minimum version of [1.2.18]
[2019-01-21 18:06:27] INFO  AprLifecycleListener.log #  - Loaded APR based Apache Tomcat Native library [1.2.16] using APR version [1.6.3].
[2019-01-21 18:06:27] INFO  AprLifecycleListener.log #  - APR capabilities: IPv6 [true], sendfile [true], accept filters [false], random [true].
[2019-01-21 18:06:27] INFO  AprLifecycleListener.log #  - APR/OpenSSL configuration: useAprConnector [false], useOpenSSL [true]
[2019-01-21 18:06:29] INFO  AprLifecycleListener.log #  - OpenSSL successfully initialized [OpenSSL 1.0.2m  2 Nov 2017]
[2019-01-21 18:06:29] INFO  [/].log #  - Initializing Spring embedded WebApplicationContext
[2019-01-21 18:06:30] INFO  Http11NioProtocol.log #  - Initializing ProtocolHandler ["http-nio-127.0.0.1-9522"]
[2019-01-21 18:06:30] INFO  StandardService.log #  - Starting service [Tomcat]
[2019-01-21 18:06:30] INFO  StandardEngine.log #  - Starting Servlet Engine: Apache Tomcat/9.0.13
[2019-01-21 18:06:30] INFO  [/].log #  - Initializing Spring embedded WebApplicationContext
[2019-01-21 18:06:30] INFO  Http11NioProtocol.log #  - Starting ProtocolHandler ["http-nio-127.0.0.1-9522"]
[2019-01-21 18:06:30] INFO  NioSelectorPool.log #  - Using a shared selector for servlet write/read
[2019-01-21 18:06:30] INFO  DocumentationPluginsBootstrapper.start #  - Context refreshed
[2019-01-21 18:06:30] INFO  DocumentationPluginsBootstrapper.start #  - Found 1 custom documentation plugin(s)
[2019-01-21 18:06:30] INFO  ApiListingReferenceScanner.scan #  - Scanning for api listing references
[2019-01-21 18:06:30] INFO  Http11NioProtocol.log #  - Starting ProtocolHandler ["http-nio-8082"]
[2019-01-21 18:06:30] INFO  NioSelectorPool.log #  - Using a shared selector for servlet write/read
[2019-01-21 18:06:30] INFO  ApplicationStarter.logStarted #  - Started ApplicationStarter in 4.719 seconds (JVM running for 6.973)
[2019-01-21 18:06:31] INFO  [/].log #  - Initializing Spring DispatcherServlet 'dispatcherServlet'
[2019-01-21 18:08:19] INFO  ApplicationStarter.logStarting #  - Starting ApplicationStarter on DESKTOP-G8I4D3R with PID 243416 (C:\Users\admin\IdeaProjects\lottery\lottery-api\target\classes started by admin in C:\Users\admin\IdeaProjects\lottery)
[2019-01-21 18:08:19] INFO  ApplicationStarter.logStartupProfileInfo #  - The following profiles are active: dev
[2019-01-21 18:08:20] INFO  Http11NioProtocol.log #  - Initializing ProtocolHandler ["http-nio-8082"]
[2019-01-21 18:08:20] INFO  StandardService.log #  - Starting service [Tomcat]
[2019-01-21 18:08:20] INFO  StandardEngine.log #  - Starting Servlet Engine: Apache Tomcat/9.0.13
[2019-01-21 18:08:20] INFO  AprLifecycleListener.log #  - An older version [1.2.16] of the APR based Apache Tomcat Native library is installed, while Tomcat recommends a minimum version of [1.2.18]
[2019-01-21 18:08:20] INFO  AprLifecycleListener.log #  - Loaded APR based Apache Tomcat Native library [1.2.16] using APR version [1.6.3].
[2019-01-21 18:08:20] INFO  AprLifecycleListener.log #  - APR capabilities: IPv6 [true], sendfile [true], accept filters [false], random [true].
[2019-01-21 18:08:20] INFO  AprLifecycleListener.log #  - APR/OpenSSL configuration: useAprConnector [false], useOpenSSL [true]
[2019-01-21 18:08:22] INFO  AprLifecycleListener.log #  - OpenSSL successfully initialized [OpenSSL 1.0.2m  2 Nov 2017]
[2019-01-21 18:08:22] INFO  [/].log #  - Initializing Spring embedded WebApplicationContext
[2019-01-21 18:08:23] INFO  Http11NioProtocol.log #  - Initializing ProtocolHandler ["http-nio-127.0.0.1-9522"]
[2019-01-21 18:08:23] INFO  StandardService.log #  - Starting service [Tomcat]
[2019-01-21 18:08:23] INFO  StandardEngine.log #  - Starting Servlet Engine: Apache Tomcat/9.0.13
[2019-01-21 18:08:23] INFO  [/].log #  - Initializing Spring embedded WebApplicationContext
[2019-01-21 18:08:23] INFO  Http11NioProtocol.log #  - Starting ProtocolHandler ["http-nio-127.0.0.1-9522"]
[2019-01-21 18:08:23] INFO  NioSelectorPool.log #  - Using a shared selector for servlet write/read
[2019-01-21 18:08:23] INFO  DocumentationPluginsBootstrapper.start #  - Context refreshed
[2019-01-21 18:08:23] INFO  DocumentationPluginsBootstrapper.start #  - Found 1 custom documentation plugin(s)
[2019-01-21 18:08:23] INFO  ApiListingReferenceScanner.scan #  - Scanning for api listing references
[2019-01-21 18:08:23] INFO  Http11NioProtocol.log #  - Starting ProtocolHandler ["http-nio-8082"]
[2019-01-21 18:08:23] INFO  NioSelectorPool.log #  - Using a shared selector for servlet write/read
[2019-01-21 18:08:23] INFO  ApplicationStarter.logStarted #  - Started ApplicationStarter in 5.043 seconds (JVM running for 6.239)
[2019-01-21 18:08:24] INFO  [/].log #  - Initializing Spring DispatcherServlet 'dispatcherServlet'
[2019-01-21 18:17:19] INFO  ApplicationStarter.logStarting #  - Starting ApplicationStarter on DESKTOP-G8I4D3R with PID 239456 (C:\Users\admin\IdeaProjects\lottery\lottery-api\target\classes started by admin in C:\Users\admin\IdeaProjects\lottery)
[2019-01-21 18:17:19] INFO  ApplicationStarter.logStartupProfileInfo #  - The following profiles are active: dev
[2019-01-21 18:17:39] INFO  ApplicationStarter.logStarting #  - Starting ApplicationStarter on DESKTOP-G8I4D3R with PID 234684 (C:\Users\admin\IdeaProjects\lottery\lottery-api\target\classes started by admin in C:\Users\admin\IdeaProjects\lottery)
[2019-01-21 18:17:39] INFO  ApplicationStarter.logStartupProfileInfo #  - The following profiles are active: dev
[2019-01-21 18:18:32] INFO  ApplicationStarter.logStarting #  - Starting ApplicationStarter on DESKTOP-G8I4D3R with PID 238676 (C:\Users\admin\IdeaProjects\lottery\lottery-api\target\classes started by admin in C:\Users\admin\IdeaProjects\lottery)
[2019-01-21 18:18:32] INFO  ApplicationStarter.logStartupProfileInfo #  - The following profiles are active: dev
[2019-01-21 18:26:09] INFO  ApplicationStarter.logStarting #  - Starting ApplicationStarter on DESKTOP-G8I4D3R with PID 243200 (C:\Users\admin\IdeaProjects\lottery\lottery-api\target\classes started by admin in C:\Users\admin\IdeaProjects\lottery)
[2019-01-21 18:26:09] INFO  ApplicationStarter.logStartupProfileInfo #  - The following profiles are active: dev
[2019-01-21 18:26:10] INFO  Http11NioProtocol.log #  - Initializing ProtocolHandler ["http-nio-8082"]
[2019-01-21 18:26:10] INFO  StandardService.log #  - Starting service [Tomcat]
[2019-01-21 18:26:10] INFO  StandardEngine.log #  - Starting Servlet Engine: Apache Tomcat/9.0.13
[2019-01-21 18:26:10] INFO  AprLifecycleListener.log #  - An older version [1.2.16] of the APR based Apache Tomcat Native library is installed, while Tomcat recommends a minimum version of [1.2.18]
[2019-01-21 18:26:10] INFO  AprLifecycleListener.log #  - Loaded APR based Apache Tomcat Native library [1.2.16] using APR version [1.6.3].
[2019-01-21 18:26:10] INFO  AprLifecycleListener.log #  - APR capabilities: IPv6 [true], sendfile [true], accept filters [false], random [true].
[2019-01-21 18:26:10] INFO  AprLifecycleListener.log #  - APR/OpenSSL configuration: useAprConnector [false], useOpenSSL [true]
[2019-01-21 18:26:12] INFO  AprLifecycleListener.log #  - OpenSSL successfully initialized [OpenSSL 1.0.2m  2 Nov 2017]
[2019-01-21 18:26:12] INFO  [/].log #  - Initializing Spring embedded WebApplicationContext
[2019-01-21 18:26:13] INFO  Http11NioProtocol.log #  - Initializing ProtocolHandler ["http-nio-127.0.0.1-9522"]
[2019-01-21 18:26:13] INFO  StandardService.log #  - Starting service [Tomcat]
[2019-01-21 18:26:13] INFO  StandardEngine.log #  - Starting Servlet Engine: Apache Tomcat/9.0.13
[2019-01-21 18:26:13] INFO  [/].log #  - Initializing Spring embedded WebApplicationContext
[2019-01-21 18:26:13] INFO  Http11NioProtocol.log #  - Starting ProtocolHandler ["http-nio-127.0.0.1-9522"]
[2019-01-21 18:26:13] INFO  NioSelectorPool.log #  - Using a shared selector for servlet write/read
[2019-01-21 18:26:13] INFO  DocumentationPluginsBootstrapper.start #  - Context refreshed
[2019-01-21 18:26:13] INFO  DocumentationPluginsBootstrapper.start #  - Found 1 custom documentation plugin(s)
[2019-01-21 18:26:13] INFO  ApiListingReferenceScanner.scan #  - Scanning for api listing references
[2019-01-21 18:26:13] INFO  Http11NioProtocol.log #  - Starting ProtocolHandler ["http-nio-8082"]
[2019-01-21 18:26:13] INFO  NioSelectorPool.log #  - Using a shared selector for servlet write/read
[2019-01-21 18:26:13] INFO  ApplicationStarter.logStarted #  - Started ApplicationStarter in 5.123 seconds (JVM running for 6.502)
[2019-01-21 18:26:14] INFO  [/].log #  - Initializing Spring DispatcherServlet 'dispatcherServlet'
