[2019-02-26 18:50:18] INFO  ApplicationStarter.logStarting #  - Starting ApplicationStarter on DESKTOP-G8I4D3R with PID 117696 (C:\Users\admin\IdeaProjects\lottery\lottery-api\target\classes started by admin in C:\Users\admin\IdeaProjects\lottery)
[2019-02-26 18:50:18] INFO  ApplicationStarter.logStartupProfileInfo #  - The following profiles are active: dev
[2019-02-26 18:50:21] INFO  Http11NioProtocol.log #  - Initializing ProtocolHandler ["http-nio-8084"]
[2019-02-26 18:50:21] INFO  StandardService.log #  - Starting service [Tomcat]
[2019-02-26 18:50:21] INFO  StandardEngine.log #  - Starting Servlet Engine: Apache Tomcat/9.0.13
[2019-02-26 18:50:21] INFO  AprLifecycleListener.log #  - An older version [1.2.16] of the APR based Apache Tomcat Native library is installed, while Tomcat recommends a minimum version of [1.2.18]
[2019-02-26 18:50:21] INFO  AprLifecycleListener.log #  - Loaded APR based Apache Tomcat Native library [1.2.16] using APR version [1.6.3].
[2019-02-26 18:50:21] INFO  AprLifecycleListener.log #  - APR capabilities: IPv6 [true], sendfile [true], accept filters [false], random [true].
[2019-02-26 18:50:21] INFO  AprLifecycleListener.log #  - APR/OpenSSL configuration: useAprConnector [false], useOpenSSL [true]
[2019-02-26 18:50:22] INFO  AprLifecycleListener.log #  - OpenSSL successfully initialized [OpenSSL 1.0.2m  2 Nov 2017]
[2019-02-26 18:50:22] INFO  [/].log #  - Initializing Spring embedded WebApplicationContext
[2019-02-26 18:50:24] INFO  Http11NioProtocol.log #  - Initializing ProtocolHandler ["http-nio-127.0.0.1-9522"]
[2019-02-26 18:50:24] INFO  StandardService.log #  - Starting service [Tomcat]
[2019-02-26 18:50:24] INFO  StandardEngine.log #  - Starting Servlet Engine: Apache Tomcat/9.0.13
[2019-02-26 18:50:25] INFO  [/].log #  - Initializing Spring embedded WebApplicationContext
[2019-02-26 18:50:25] INFO  Http11NioProtocol.log #  - Starting ProtocolHandler ["http-nio-127.0.0.1-9522"]
[2019-02-26 18:50:25] INFO  NioSelectorPool.log #  - Using a shared selector for servlet write/read
[2019-02-26 18:50:25] INFO  DocumentationPluginsBootstrapper.start #  - Context refreshed
[2019-02-26 18:50:25] INFO  DocumentationPluginsBootstrapper.start #  - Found 1 custom documentation plugin(s)
[2019-02-26 18:50:25] INFO  ApiListingReferenceScanner.scan #  - Scanning for api listing references
[2019-02-26 18:50:25] INFO  Http11NioProtocol.log #  - Starting ProtocolHandler ["http-nio-8084"]
[2019-02-26 18:50:25] INFO  NioSelectorPool.log #  - Using a shared selector for servlet write/read
[2019-02-26 18:50:25] INFO  ApplicationStarter.logStarted #  - Started ApplicationStarter in 7.688 seconds (JVM running for 9.535)
[2019-02-26 18:50:26] INFO  [/].log #  - Initializing Spring DispatcherServlet 'dispatcherServlet'
[2019-02-26 18:50:26] INFO  DruidDataSource.init #  - {dataSource-1} inited
[2019-02-26 18:54:30] INFO  ApplicationStarter.logStarting #  - Starting ApplicationStarter on DESKTOP-G8I4D3R with PID 114852 (C:\Users\admin\IdeaProjects\lottery\lottery-api\target\classes started by admin in C:\Users\admin\IdeaProjects\lottery)
[2019-02-26 18:54:30] INFO  ApplicationStarter.logStartupProfileInfo #  - The following profiles are active: dev
[2019-02-26 18:54:32] INFO  Http11NioProtocol.log #  - Initializing ProtocolHandler ["http-nio-8084"]
[2019-02-26 18:54:32] INFO  StandardService.log #  - Starting service [Tomcat]
[2019-02-26 18:54:32] INFO  StandardEngine.log #  - Starting Servlet Engine: Apache Tomcat/9.0.13
[2019-02-26 18:54:32] INFO  AprLifecycleListener.log #  - An older version [1.2.16] of the APR based Apache Tomcat Native library is installed, while Tomcat recommends a minimum version of [1.2.18]
[2019-02-26 18:54:32] INFO  AprLifecycleListener.log #  - Loaded APR based Apache Tomcat Native library [1.2.16] using APR version [1.6.3].
[2019-02-26 18:54:32] INFO  AprLifecycleListener.log #  - APR capabilities: IPv6 [true], sendfile [true], accept filters [false], random [true].
[2019-02-26 18:54:32] INFO  AprLifecycleListener.log #  - APR/OpenSSL configuration: useAprConnector [false], useOpenSSL [true]
[2019-02-26 18:54:33] INFO  AprLifecycleListener.log #  - OpenSSL successfully initialized [OpenSSL 1.0.2m  2 Nov 2017]
[2019-02-26 18:54:34] INFO  [/].log #  - Initializing Spring embedded WebApplicationContext
[2019-02-26 18:54:36] INFO  Http11NioProtocol.log #  - Initializing ProtocolHandler ["http-nio-127.0.0.1-9522"]
[2019-02-26 18:54:36] INFO  StandardService.log #  - Starting service [Tomcat]
[2019-02-26 18:54:36] INFO  StandardEngine.log #  - Starting Servlet Engine: Apache Tomcat/9.0.13
[2019-02-26 18:54:36] INFO  [/].log #  - Initializing Spring embedded WebApplicationContext
[2019-02-26 18:54:36] INFO  Http11NioProtocol.log #  - Starting ProtocolHandler ["http-nio-127.0.0.1-9522"]
[2019-02-26 18:54:36] INFO  NioSelectorPool.log #  - Using a shared selector for servlet write/read
[2019-02-26 18:54:36] INFO  DocumentationPluginsBootstrapper.start #  - Context refreshed
[2019-02-26 18:54:36] INFO  DocumentationPluginsBootstrapper.start #  - Found 1 custom documentation plugin(s)
[2019-02-26 18:54:36] INFO  ApiListingReferenceScanner.scan #  - Scanning for api listing references
[2019-02-26 18:54:36] INFO  Http11NioProtocol.log #  - Starting ProtocolHandler ["http-nio-8084"]
[2019-02-26 18:54:36] INFO  NioSelectorPool.log #  - Using a shared selector for servlet write/read
[2019-02-26 18:54:36] INFO  ApplicationStarter.logStarted #  - Started ApplicationStarter in 7.323 seconds (JVM running for 9.347)
[2019-02-26 18:54:37] INFO  [/].log #  - Initializing Spring DispatcherServlet 'dispatcherServlet'
[2019-02-26 18:54:37] INFO  DruidDataSource.init #  - {dataSource-1} inited
[2019-02-26 18:55:22] INFO  LogAspect.before #  - uri=/api/activity/save || request={"description":"增加用户流量而举办的活动","endTime":"2019-01-01 24:00:00","name":"贺新春抽奖活动","segmentList":[{"description":"仅限杭州用户参加","endTime":"2019-01-01 24:00:00","name":"杭州地区活动","prizeList":[{"exist":50,"feature":"id=34543646","groupIds":"[1,2,3]","name":"50元优惠券","total":100,"type":2},{"exist":10,"feature":"id=34543646","groupIds":"[2,3]","name":"1元奖励金","total":50,"type":3}],"ruleList":[{"key":"MAX_HIT_NUM","name":"没人最高中奖上限","type":2,"value":"2"}],"startTime":"2018-01-01 00:00:00","status":1}],"startTime":"2018-01-01 00:00:00","status":1}
[2019-02-26 19:04:09] INFO  ApplicationStarter.logStarting #  - Starting ApplicationStarter on DESKTOP-G8I4D3R with PID 107516 (C:\Users\admin\IdeaProjects\lottery\lottery-api\target\classes started by admin in C:\Users\admin\IdeaProjects\lottery)
[2019-02-26 19:04:09] INFO  ApplicationStarter.logStartupProfileInfo #  - The following profiles are active: dev
[2019-02-26 19:04:11] INFO  Http11NioProtocol.log #  - Initializing ProtocolHandler ["http-nio-8084"]
[2019-02-26 19:04:11] INFO  StandardService.log #  - Starting service [Tomcat]
[2019-02-26 19:04:11] INFO  StandardEngine.log #  - Starting Servlet Engine: Apache Tomcat/9.0.13
[2019-02-26 19:04:11] INFO  AprLifecycleListener.log #  - An older version [1.2.16] of the APR based Apache Tomcat Native library is installed, while Tomcat recommends a minimum version of [1.2.18]
[2019-02-26 19:04:11] INFO  AprLifecycleListener.log #  - Loaded APR based Apache Tomcat Native library [1.2.16] using APR version [1.6.3].
[2019-02-26 19:04:11] INFO  AprLifecycleListener.log #  - APR capabilities: IPv6 [true], sendfile [true], accept filters [false], random [true].
[2019-02-26 19:04:11] INFO  AprLifecycleListener.log #  - APR/OpenSSL configuration: useAprConnector [false], useOpenSSL [true]
[2019-02-26 19:04:13] INFO  AprLifecycleListener.log #  - OpenSSL successfully initialized [OpenSSL 1.0.2m  2 Nov 2017]
[2019-02-26 19:04:13] INFO  [/].log #  - Initializing Spring embedded WebApplicationContext
[2019-02-26 19:04:15] INFO  Http11NioProtocol.log #  - Initializing ProtocolHandler ["http-nio-127.0.0.1-9522"]
[2019-02-26 19:04:15] INFO  StandardService.log #  - Starting service [Tomcat]
[2019-02-26 19:04:15] INFO  StandardEngine.log #  - Starting Servlet Engine: Apache Tomcat/9.0.13
[2019-02-26 19:04:15] INFO  [/].log #  - Initializing Spring embedded WebApplicationContext
[2019-02-26 19:04:15] INFO  Http11NioProtocol.log #  - Starting ProtocolHandler ["http-nio-127.0.0.1-9522"]
[2019-02-26 19:04:15] INFO  NioSelectorPool.log #  - Using a shared selector for servlet write/read
[2019-02-26 19:04:15] INFO  DocumentationPluginsBootstrapper.start #  - Context refreshed
[2019-02-26 19:04:15] INFO  DocumentationPluginsBootstrapper.start #  - Found 1 custom documentation plugin(s)
[2019-02-26 19:04:15] INFO  ApiListingReferenceScanner.scan #  - Scanning for api listing references
[2019-02-26 19:04:15] INFO  Http11NioProtocol.log #  - Starting ProtocolHandler ["http-nio-8084"]
[2019-02-26 19:04:15] INFO  NioSelectorPool.log #  - Using a shared selector for servlet write/read
[2019-02-26 19:04:15] INFO  ApplicationStarter.logStarted #  - Started ApplicationStarter in 7.664 seconds (JVM running for 9.121)
[2019-02-26 19:04:16] INFO  [/].log #  - Initializing Spring DispatcherServlet 'dispatcherServlet'
[2019-02-26 19:04:16] INFO  DruidDataSource.init #  - {dataSource-1} inited
[2019-02-26 19:04:24] INFO  LogAspect.before #  - uri=/api/activity/save || request={"description":"增加用户流量而举办的活动","endTime":"2019-01-01 24:00:00","name":"贺新春抽奖活动","segmentList":[{"description":"仅限杭州用户参加","endTime":"2019-01-01 24:00:00","name":"杭州地区活动","prizeList":[{"exist":50,"feature":"id=34543646","groupIds":"[1,2,3]","name":"50元优惠券","total":100,"type":2},{"exist":10,"feature":"id=34543646","groupIds":"[2,3]","name":"1元奖励金","total":50,"type":3}],"ruleList":[{"key":"MAX_HIT_NUM","name":"没人最高中奖上限","type":2,"value":"2"}],"startTime":"2018-01-01 00:00:00","status":1}],"startTime":"2018-01-01 00:00:00","status":1}
[2019-02-26 19:05:02] INFO  LogAspect.before #  - uri=/api/activity/save || request={"description":"增加用户流量而举办的活动","endTime":"2019-01-01 24:00:00","name":"贺新春抽奖活动","segmentList":[{"description":"仅限杭州用户参加","endTime":"2019-01-01 24:00:00","name":"杭州地区活动","prizeList":[{"exist":50,"feature":"id=34543646","groupIds":"[1,2,3]","name":"50元优惠券","total":100,"type":2},{"exist":10,"feature":"id=34543646","groupIds":"[2,3]","name":"1元奖励金","total":50,"type":3}],"ruleList":[{"key":"MAX_HIT_NUM","name":"没人最高中奖上限","type":2,"value":"2"}],"startTime":"2018-01-01 00:00:00","status":1}],"startTime":"2018-01-01 00:00:00","status":1}
[2019-02-26 19:38:30] INFO  ApplicationStarter.logStarting #  - Starting ApplicationStarter on DESKTOP-G8I4D3R with PID 119732 (C:\Users\admin\IdeaProjects\lottery\lottery-api\target\classes started by admin in C:\Users\admin\IdeaProjects\lottery)
[2019-02-26 19:38:30] INFO  ApplicationStarter.logStartupProfileInfo #  - The following profiles are active: dev
[2019-02-26 19:38:33] INFO  Http11NioProtocol.log #  - Initializing ProtocolHandler ["http-nio-8084"]
[2019-02-26 19:38:33] INFO  StandardService.log #  - Starting service [Tomcat]
[2019-02-26 19:38:33] INFO  StandardEngine.log #  - Starting Servlet Engine: Apache Tomcat/9.0.13
[2019-02-26 19:38:33] INFO  AprLifecycleListener.log #  - An older version [1.2.16] of the APR based Apache Tomcat Native library is installed, while Tomcat recommends a minimum version of [1.2.18]
[2019-02-26 19:38:33] INFO  AprLifecycleListener.log #  - Loaded APR based Apache Tomcat Native library [1.2.16] using APR version [1.6.3].
[2019-02-26 19:38:33] INFO  AprLifecycleListener.log #  - APR capabilities: IPv6 [true], sendfile [true], accept filters [false], random [true].
[2019-02-26 19:38:33] INFO  AprLifecycleListener.log #  - APR/OpenSSL configuration: useAprConnector [false], useOpenSSL [true]
[2019-02-26 19:38:34] INFO  AprLifecycleListener.log #  - OpenSSL successfully initialized [OpenSSL 1.0.2m  2 Nov 2017]
[2019-02-26 19:38:34] INFO  [/].log #  - Initializing Spring embedded WebApplicationContext
[2019-02-26 19:38:36] INFO  Http11NioProtocol.log #  - Initializing ProtocolHandler ["http-nio-127.0.0.1-9522"]
[2019-02-26 19:38:36] INFO  StandardService.log #  - Starting service [Tomcat]
[2019-02-26 19:38:36] INFO  StandardEngine.log #  - Starting Servlet Engine: Apache Tomcat/9.0.13
[2019-02-26 19:38:36] INFO  [/].log #  - Initializing Spring embedded WebApplicationContext
[2019-02-26 19:38:36] INFO  Http11NioProtocol.log #  - Starting ProtocolHandler ["http-nio-127.0.0.1-9522"]
[2019-02-26 19:38:36] INFO  NioSelectorPool.log #  - Using a shared selector for servlet write/read
[2019-02-26 19:38:36] INFO  DocumentationPluginsBootstrapper.start #  - Context refreshed
[2019-02-26 19:38:36] INFO  DocumentationPluginsBootstrapper.start #  - Found 1 custom documentation plugin(s)
[2019-02-26 19:38:36] INFO  ApiListingReferenceScanner.scan #  - Scanning for api listing references
[2019-02-26 19:38:36] INFO  Http11NioProtocol.log #  - Starting ProtocolHandler ["http-nio-8084"]
[2019-02-26 19:38:36] INFO  NioSelectorPool.log #  - Using a shared selector for servlet write/read
[2019-02-26 19:38:36] INFO  ApplicationStarter.logStarted #  - Started ApplicationStarter in 7.088 seconds (JVM running for 8.302)
[2019-02-26 19:38:37] INFO  [/].log #  - Initializing Spring DispatcherServlet 'dispatcherServlet'
[2019-02-26 19:38:37] INFO  DruidDataSource.init #  - {dataSource-1} inited
[2019-02-26 19:38:50] INFO  LogAspect.before #  - uri=/api/activity/save || request={"description":"增加用户流量而举办的活动","endTime":"2019-01-01 24:00:00","name":"贺新春抽奖活动","segmentList":[{"description":"仅限杭州用户参加","endTime":"2019-01-01 24:00:00","name":"杭州地区活动","prizeList":[{"exist":50,"feature":"id=34543646","groupIds":"[1,2,3]","name":"50元优惠券","total":100,"type":2},{"exist":10,"feature":"id=34543646","groupIds":"[2,3]","name":"1元奖励金","total":50,"type":3}],"ruleList":[{"key":"MAX_HIT_NUM","name":"没人最高中奖上限","type":2,"value":"2"}],"startTime":"2018-01-01 00:00:00","status":1}],"startTime":"2018-01-01 00:00:00","status":1}
[2019-02-26 19:38:50] INFO  LogAspect.after #  - uri=/api/activity/save || response=1
[2019-02-26 19:49:04] INFO  ApplicationStarter.logStarting #  - Starting ApplicationStarter on DESKTOP-G8I4D3R with PID 119068 (C:\Users\admin\IdeaProjects\lottery\lottery-api\target\classes started by admin in C:\Users\admin\IdeaProjects\lottery)
[2019-02-26 19:49:04] INFO  ApplicationStarter.logStartupProfileInfo #  - The following profiles are active: dev
[2019-02-26 19:49:07] INFO  Http11NioProtocol.log #  - Initializing ProtocolHandler ["http-nio-8084"]
[2019-02-26 19:49:07] INFO  StandardService.log #  - Starting service [Tomcat]
[2019-02-26 19:49:07] INFO  StandardEngine.log #  - Starting Servlet Engine: Apache Tomcat/9.0.13
[2019-02-26 19:49:07] INFO  AprLifecycleListener.log #  - An older version [1.2.16] of the APR based Apache Tomcat Native library is installed, while Tomcat recommends a minimum version of [1.2.18]
[2019-02-26 19:49:07] INFO  AprLifecycleListener.log #  - Loaded APR based Apache Tomcat Native library [1.2.16] using APR version [1.6.3].
[2019-02-26 19:49:07] INFO  AprLifecycleListener.log #  - APR capabilities: IPv6 [true], sendfile [true], accept filters [false], random [true].
[2019-02-26 19:49:07] INFO  AprLifecycleListener.log #  - APR/OpenSSL configuration: useAprConnector [false], useOpenSSL [true]
[2019-02-26 19:49:08] INFO  AprLifecycleListener.log #  - OpenSSL successfully initialized [OpenSSL 1.0.2m  2 Nov 2017]
[2019-02-26 19:49:09] INFO  [/].log #  - Initializing Spring embedded WebApplicationContext
[2019-02-26 19:49:11] INFO  Http11NioProtocol.log #  - Initializing ProtocolHandler ["http-nio-127.0.0.1-9522"]
[2019-02-26 19:49:11] INFO  StandardService.log #  - Starting service [Tomcat]
[2019-02-26 19:49:11] INFO  StandardEngine.log #  - Starting Servlet Engine: Apache Tomcat/9.0.13
[2019-02-26 19:49:11] INFO  [/].log #  - Initializing Spring embedded WebApplicationContext
[2019-02-26 19:49:11] INFO  Http11NioProtocol.log #  - Starting ProtocolHandler ["http-nio-127.0.0.1-9522"]
[2019-02-26 19:49:11] INFO  NioSelectorPool.log #  - Using a shared selector for servlet write/read
[2019-02-26 19:49:11] INFO  DocumentationPluginsBootstrapper.start #  - Context refreshed
[2019-02-26 19:49:11] INFO  DocumentationPluginsBootstrapper.start #  - Found 1 custom documentation plugin(s)
[2019-02-26 19:49:11] INFO  ApiListingReferenceScanner.scan #  - Scanning for api listing references
[2019-02-26 19:49:11] INFO  Http11NioProtocol.log #  - Starting ProtocolHandler ["http-nio-8084"]
[2019-02-26 19:49:11] INFO  NioSelectorPool.log #  - Using a shared selector for servlet write/read
[2019-02-26 19:49:11] INFO  ApplicationStarter.logStarted #  - Started ApplicationStarter in 8.455 seconds (JVM running for 10.901)
[2019-02-26 19:49:12] INFO  [/].log #  - Initializing Spring DispatcherServlet 'dispatcherServlet'
[2019-02-26 19:49:12] INFO  DruidDataSource.init #  - {dataSource-1} inited
[2019-02-26 19:50:11] INFO  LogAspect.before #  - uri=/api/activity/save || request={"description":"增加用户流量而举办的活动","endTime":"2019-01-01 24:00:00","name":"贺新春抽奖活动","segmentList":[{"description":"仅限杭州用户参加","endTime":"2019-01-01 24:00:00","name":"杭州地区活动","prizeList":[{"exist":50,"feature":"id=34543646","groupIds":"[1,2,3]","name":"50元优惠券","total":100,"type":2},{"exist":10,"feature":"id=34543646","groupIds":"[2,3]","name":"1元奖励金","total":50,"type":3}],"ruleList":[{"key":"MAX_HIT_NUM","name":"没人最高中奖上限","type":2,"value":"2"}],"startTime":"2018-01-01 00:00:00","status":1}],"startTime":"2018-01-01 00:00:00","status":1}
[2019-02-26 19:50:21] INFO  LogAspect.after #  - uri=/api/activity/save || response=1
[2019-02-26 19:51:22] INFO  ApplicationStarter.logStarting #  - Starting ApplicationStarter on DESKTOP-G8I4D3R with PID 120800 (C:\Users\admin\IdeaProjects\lottery\lottery-api\target\classes started by admin in C:\Users\admin\IdeaProjects\lottery)
[2019-02-26 19:51:22] INFO  ApplicationStarter.logStartupProfileInfo #  - The following profiles are active: dev
[2019-02-26 19:51:25] INFO  Http11NioProtocol.log #  - Initializing ProtocolHandler ["http-nio-8084"]
[2019-02-26 19:51:25] INFO  StandardService.log #  - Starting service [Tomcat]
[2019-02-26 19:51:25] INFO  StandardEngine.log #  - Starting Servlet Engine: Apache Tomcat/9.0.13
[2019-02-26 19:51:25] INFO  AprLifecycleListener.log #  - An older version [1.2.16] of the APR based Apache Tomcat Native library is installed, while Tomcat recommends a minimum version of [1.2.18]
[2019-02-26 19:51:25] INFO  AprLifecycleListener.log #  - Loaded APR based Apache Tomcat Native library [1.2.16] using APR version [1.6.3].
[2019-02-26 19:51:25] INFO  AprLifecycleListener.log #  - APR capabilities: IPv6 [true], sendfile [true], accept filters [false], random [true].
[2019-02-26 19:51:25] INFO  AprLifecycleListener.log #  - APR/OpenSSL configuration: useAprConnector [false], useOpenSSL [true]
[2019-02-26 19:51:26] INFO  AprLifecycleListener.log #  - OpenSSL successfully initialized [OpenSSL 1.0.2m  2 Nov 2017]
[2019-02-26 19:51:26] INFO  [/].log #  - Initializing Spring embedded WebApplicationContext
[2019-02-26 19:51:29] INFO  Http11NioProtocol.log #  - Initializing ProtocolHandler ["http-nio-127.0.0.1-9522"]
[2019-02-26 19:51:29] INFO  StandardService.log #  - Starting service [Tomcat]
[2019-02-26 19:51:29] INFO  StandardEngine.log #  - Starting Servlet Engine: Apache Tomcat/9.0.13
[2019-02-26 19:51:29] INFO  [/].log #  - Initializing Spring embedded WebApplicationContext
[2019-02-26 19:51:29] INFO  Http11NioProtocol.log #  - Starting ProtocolHandler ["http-nio-127.0.0.1-9522"]
[2019-02-26 19:51:29] INFO  NioSelectorPool.log #  - Using a shared selector for servlet write/read
[2019-02-26 19:51:29] INFO  DocumentationPluginsBootstrapper.start #  - Context refreshed
[2019-02-26 19:51:29] INFO  DocumentationPluginsBootstrapper.start #  - Found 1 custom documentation plugin(s)
[2019-02-26 19:51:29] INFO  ApiListingReferenceScanner.scan #  - Scanning for api listing references
[2019-02-26 19:51:29] INFO  Http11NioProtocol.log #  - Starting ProtocolHandler ["http-nio-8084"]
[2019-02-26 19:51:29] INFO  NioSelectorPool.log #  - Using a shared selector for servlet write/read
[2019-02-26 19:51:29] INFO  ApplicationStarter.logStarted #  - Started ApplicationStarter in 8.41 seconds (JVM running for 10.916)
[2019-02-26 19:51:30] INFO  [/].log #  - Initializing Spring DispatcherServlet 'dispatcherServlet'
[2019-02-26 19:51:30] INFO  DruidDataSource.init #  - {dataSource-1} inited
[2019-02-26 19:51:41] INFO  LogAspect.before #  - uri=/api/activity/save || request={"description":"增加用户流量而举办的活动","endTime":"2019-01-01 24:00:00","name":"贺新春抽奖活动","segmentList":[{"description":"仅限杭州用户参加","endTime":"2019-01-01 24:00:00","name":"杭州地区活动","prizeList":[{"exist":50,"feature":"id=34543646","groupIds":"[1,2,3]","name":"50元优惠券","total":100,"type":2},{"exist":10,"feature":"id=34543646","groupIds":"[2,3]","name":"1元奖励金","total":50,"type":3}],"ruleList":[{"key":"MAX_HIT_NUM","name":"没人最高中奖上限","type":2,"value":"2"}],"startTime":"2018-01-01 00:00:00","status":1}],"startTime":"2018-01-01 00:00:00","status":1}
[2019-02-26 19:52:04] INFO  LogAspect.after #  - uri=/api/activity/save || response=1
