[2019-03-06 10:14:15] INFO  ConfigurationClassPostProcessor.enhanceConfigurationClasses #  - Cannot enhance @Configuration bean definition 'mapperScannerConfig' since its singleton instance has been created too early. The typical cause is a non-static @Bean method with a BeanDefinitionRegistryPostProcessor return type: Consider declaring such methods as 'static'.
[2019-03-06 10:14:15] INFO  PostProcessorRegistrationDelegate$BeanPostProcessorChecker.postProcessAfterInitialization #  - Bean 'dataSourceConfig' of type [com.dingpeng.java.exercise.lottery.resource.config.DataSourceConfig$$EnhancerBySpringCGLIB$$20f51333] is not eligible for getting processed by all BeanPostProcessors (for example: not eligible for auto-proxying)
[2019-03-06 10:14:15] INFO  PostProcessorRegistrationDelegate$BeanPostProcessorChecker.postProcessAfterInitialization #  - Bean 'dataSource' of type [com.alibaba.druid.pool.DruidDataSource] is not eligible for getting processed by all BeanPostProcessors (for example: not eligible for auto-proxying)
[2019-03-06 10:14:15] INFO  PostProcessorRegistrationDelegate$BeanPostProcessorChecker.postProcessAfterInitialization #  - Bean 'spring.datasource-org.springframework.boot.autoconfigure.jdbc.DataSourceProperties' of type [org.springframework.boot.autoconfigure.jdbc.DataSourceProperties] is not eligible for getting processed by all BeanPostProcessors (for example: not eligible for auto-proxying)
[2019-03-06 10:14:15] INFO  PostProcessorRegistrationDelegate$BeanPostProcessorChecker.postProcessAfterInitialization #  - Bean 'org.springframework.boot.autoconfigure.jdbc.DataSourceInitializerInvoker' of type [org.springframework.boot.autoconfigure.jdbc.DataSourceInitializerInvoker] is not eligible for getting processed by all BeanPostProcessors (for example: not eligible for auto-proxying)
[2019-03-06 10:14:15] INFO  PostProcessorRegistrationDelegate$BeanPostProcessorChecker.postProcessAfterInitialization #  - Bean 'mybatisConfig' of type [com.dingpeng.java.exercise.lottery.resource.config.MybatisConfig$$EnhancerBySpringCGLIB$$4be22141] is not eligible for getting processed by all BeanPostProcessors (for example: not eligible for auto-proxying)
[2019-03-06 10:14:16] INFO  PostProcessorRegistrationDelegate$BeanPostProcessorChecker.postProcessAfterInitialization #  - Bean 'transactionManager' of type [org.springframework.jdbc.datasource.DataSourceTransactionManager] is not eligible for getting processed by all BeanPostProcessors (for example: not eligible for auto-proxying)
[2019-03-06 10:14:16] INFO  PostProcessorRegistrationDelegate$BeanPostProcessorChecker.postProcessAfterInitialization #  - Bean 'org.springframework.transaction.annotation.ProxyTransactionManagementConfiguration' of type [org.springframework.transaction.annotation.ProxyTransactionManagementConfiguration$$EnhancerBySpringCGLIB$$29e70c97] is not eligible for getting processed by all BeanPostProcessors (for example: not eligible for auto-proxying)
[2019-03-06 10:14:16] INFO  TomcatWebServer.initialize #  - Tomcat initialized with port(s): 8084 (http)
[2019-03-06 10:14:18] INFO  ContextLoader.prepareWebApplicationContext #  - Root WebApplicationContext: initialization completed in 6587 ms
[2019-03-06 10:14:20] INFO  ThreadPoolTaskExecutor.initialize #  - Initializing ExecutorService 'applicationTaskExecutor'
[2019-03-06 10:14:21] INFO  TomcatWebServer.initialize #  - Tomcat initialized with port(s): 9522 (http)
[2019-03-06 10:14:21] INFO  ContextLoader.prepareWebApplicationContext #  - Root WebApplicationContext: initialization completed in 154 ms
[2019-03-06 10:14:21] INFO  EndpointLinksResolver.<init> #  - Exposing 2 endpoint(s) beneath base path '/actuator'
[2019-03-06 10:14:21] INFO  TomcatWebServer.start #  - Tomcat started on port(s): 9522 (http) with context path ''
[2019-03-06 10:14:21] INFO  TomcatWebServer.start #  - Tomcat started on port(s): 8084 (http) with context path ''
[2019-03-06 10:14:22] INFO  DispatcherServlet.initServletBean #  - Initializing Servlet 'dispatcherServlet'
[2019-03-06 10:14:22] INFO  DispatcherServlet.initServletBean #  - Completed initialization in 27 ms
[2019-03-06 10:17:38] INFO  ConfigurationClassPostProcessor.enhanceConfigurationClasses #  - Cannot enhance @Configuration bean definition 'mapperScannerConfig' since its singleton instance has been created too early. The typical cause is a non-static @Bean method with a BeanDefinitionRegistryPostProcessor return type: Consider declaring such methods as 'static'.
[2019-03-06 10:17:38] INFO  PostProcessorRegistrationDelegate$BeanPostProcessorChecker.postProcessAfterInitialization #  - Bean 'dataSourceConfig' of type [com.dingpeng.java.exercise.lottery.resource.config.DataSourceConfig$$EnhancerBySpringCGLIB$$33a1498b] is not eligible for getting processed by all BeanPostProcessors (for example: not eligible for auto-proxying)
[2019-03-06 10:17:38] INFO  PostProcessorRegistrationDelegate$BeanPostProcessorChecker.postProcessAfterInitialization #  - Bean 'dataSource' of type [com.alibaba.druid.pool.DruidDataSource] is not eligible for getting processed by all BeanPostProcessors (for example: not eligible for auto-proxying)
[2019-03-06 10:17:38] INFO  PostProcessorRegistrationDelegate$BeanPostProcessorChecker.postProcessAfterInitialization #  - Bean 'spring.datasource-org.springframework.boot.autoconfigure.jdbc.DataSourceProperties' of type [org.springframework.boot.autoconfigure.jdbc.DataSourceProperties] is not eligible for getting processed by all BeanPostProcessors (for example: not eligible for auto-proxying)
[2019-03-06 10:17:38] INFO  PostProcessorRegistrationDelegate$BeanPostProcessorChecker.postProcessAfterInitialization #  - Bean 'org.springframework.boot.autoconfigure.jdbc.DataSourceInitializerInvoker' of type [org.springframework.boot.autoconfigure.jdbc.DataSourceInitializerInvoker] is not eligible for getting processed by all BeanPostProcessors (for example: not eligible for auto-proxying)
[2019-03-06 10:17:39] INFO  PostProcessorRegistrationDelegate$BeanPostProcessorChecker.postProcessAfterInitialization #  - Bean 'mybatisConfig' of type [com.dingpeng.java.exercise.lottery.resource.config.MybatisConfig$$EnhancerBySpringCGLIB$$5e8e5799] is not eligible for getting processed by all BeanPostProcessors (for example: not eligible for auto-proxying)
[2019-03-06 10:17:39] INFO  PostProcessorRegistrationDelegate$BeanPostProcessorChecker.postProcessAfterInitialization #  - Bean 'transactionManager' of type [org.springframework.jdbc.datasource.DataSourceTransactionManager] is not eligible for getting processed by all BeanPostProcessors (for example: not eligible for auto-proxying)
[2019-03-06 10:17:39] INFO  PostProcessorRegistrationDelegate$BeanPostProcessorChecker.postProcessAfterInitialization #  - Bean 'org.springframework.transaction.annotation.ProxyTransactionManagementConfiguration' of type [org.springframework.transaction.annotation.ProxyTransactionManagementConfiguration$$EnhancerBySpringCGLIB$$3c9342ef] is not eligible for getting processed by all BeanPostProcessors (for example: not eligible for auto-proxying)
[2019-03-06 10:17:39] INFO  TomcatWebServer.initialize #  - Tomcat initialized with port(s): 8084 (http)
[2019-03-06 10:17:41] INFO  ContextLoader.prepareWebApplicationContext #  - Root WebApplicationContext: initialization completed in 4174 ms
[2019-03-06 10:17:42] INFO  ThreadPoolTaskExecutor.initialize #  - Initializing ExecutorService 'applicationTaskExecutor'
[2019-03-06 10:17:43] INFO  TomcatWebServer.initialize #  - Tomcat initialized with port(s): 9522 (http)
[2019-03-06 10:17:43] INFO  ContextLoader.prepareWebApplicationContext #  - Root WebApplicationContext: initialization completed in 213 ms
[2019-03-06 10:17:43] INFO  EndpointLinksResolver.<init> #  - Exposing 2 endpoint(s) beneath base path '/actuator'
[2019-03-06 10:17:43] INFO  TomcatWebServer.start #  - Tomcat started on port(s): 9522 (http) with context path ''
[2019-03-06 10:17:44] INFO  TomcatWebServer.start #  - Tomcat started on port(s): 8084 (http) with context path ''
[2019-03-06 10:17:44] INFO  DispatcherServlet.initServletBean #  - Initializing Servlet 'dispatcherServlet'
[2019-03-06 10:17:44] INFO  DispatcherServlet.initServletBean #  - Completed initialization in 24 ms
[2019-03-06 10:25:50] INFO  ConfigurationClassPostProcessor.enhanceConfigurationClasses #  - Cannot enhance @Configuration bean definition 'mapperScannerConfig' since its singleton instance has been created too early. The typical cause is a non-static @Bean method with a BeanDefinitionRegistryPostProcessor return type: Consider declaring such methods as 'static'.
[2019-03-06 10:25:51] INFO  PostProcessorRegistrationDelegate$BeanPostProcessorChecker.postProcessAfterInitialization #  - Bean 'dataSourceConfig' of type [com.dingpeng.java.exercise.lottery.resource.config.DataSourceConfig$$EnhancerBySpringCGLIB$$5f7e6756] is not eligible for getting processed by all BeanPostProcessors (for example: not eligible for auto-proxying)
[2019-03-06 10:25:51] INFO  PostProcessorRegistrationDelegate$BeanPostProcessorChecker.postProcessAfterInitialization #  - Bean 'dataSource' of type [com.alibaba.druid.pool.DruidDataSource] is not eligible for getting processed by all BeanPostProcessors (for example: not eligible for auto-proxying)
[2019-03-06 10:25:51] INFO  PostProcessorRegistrationDelegate$BeanPostProcessorChecker.postProcessAfterInitialization #  - Bean 'spring.datasource-org.springframework.boot.autoconfigure.jdbc.DataSourceProperties' of type [org.springframework.boot.autoconfigure.jdbc.DataSourceProperties] is not eligible for getting processed by all BeanPostProcessors (for example: not eligible for auto-proxying)
[2019-03-06 10:25:51] INFO  PostProcessorRegistrationDelegate$BeanPostProcessorChecker.postProcessAfterInitialization #  - Bean 'org.springframework.boot.autoconfigure.jdbc.DataSourceInitializerInvoker' of type [org.springframework.boot.autoconfigure.jdbc.DataSourceInitializerInvoker] is not eligible for getting processed by all BeanPostProcessors (for example: not eligible for auto-proxying)
[2019-03-06 10:25:51] INFO  PostProcessorRegistrationDelegate$BeanPostProcessorChecker.postProcessAfterInitialization #  - Bean 'mybatisConfig' of type [com.dingpeng.java.exercise.lottery.resource.config.MybatisConfig$$EnhancerBySpringCGLIB$$8a6b7564] is not eligible for getting processed by all BeanPostProcessors (for example: not eligible for auto-proxying)
[2019-03-06 10:25:51] INFO  PostProcessorRegistrationDelegate$BeanPostProcessorChecker.postProcessAfterInitialization #  - Bean 'transactionManager' of type [org.springframework.jdbc.datasource.DataSourceTransactionManager] is not eligible for getting processed by all BeanPostProcessors (for example: not eligible for auto-proxying)
[2019-03-06 10:25:51] INFO  PostProcessorRegistrationDelegate$BeanPostProcessorChecker.postProcessAfterInitialization #  - Bean 'org.springframework.transaction.annotation.ProxyTransactionManagementConfiguration' of type [org.springframework.transaction.annotation.ProxyTransactionManagementConfiguration$$EnhancerBySpringCGLIB$$687060ba] is not eligible for getting processed by all BeanPostProcessors (for example: not eligible for auto-proxying)
[2019-03-06 10:25:52] INFO  TomcatWebServer.initialize #  - Tomcat initialized with port(s): 8084 (http)
[2019-03-06 10:25:53] INFO  ContextLoader.prepareWebApplicationContext #  - Root WebApplicationContext: initialization completed in 4175 ms
[2019-03-06 10:25:54] INFO  ThreadPoolTaskExecutor.initialize #  - Initializing ExecutorService 'applicationTaskExecutor'
[2019-03-06 10:25:55] INFO  TomcatWebServer.initialize #  - Tomcat initialized with port(s): 9522 (http)
[2019-03-06 10:25:55] INFO  ContextLoader.prepareWebApplicationContext #  - Root WebApplicationContext: initialization completed in 141 ms
[2019-03-06 10:25:55] INFO  EndpointLinksResolver.<init> #  - Exposing 2 endpoint(s) beneath base path '/actuator'
[2019-03-06 10:25:55] INFO  TomcatWebServer.start #  - Tomcat started on port(s): 9522 (http) with context path ''
[2019-03-06 10:25:56] INFO  TomcatWebServer.start #  - Tomcat started on port(s): 8084 (http) with context path ''
[2019-03-06 10:25:56] INFO  DispatcherServlet.initServletBean #  - Initializing Servlet 'dispatcherServlet'
[2019-03-06 10:25:56] INFO  DispatcherServlet.initServletBean #  - Completed initialization in 13 ms
[2019-03-06 10:31:19] INFO  ConfigurationClassPostProcessor.enhanceConfigurationClasses #  - Cannot enhance @Configuration bean definition 'mapperScannerConfig' since its singleton instance has been created too early. The typical cause is a non-static @Bean method with a BeanDefinitionRegistryPostProcessor return type: Consider declaring such methods as 'static'.
[2019-03-06 10:31:19] INFO  PostProcessorRegistrationDelegate$BeanPostProcessorChecker.postProcessAfterInitialization #  - Bean 'dataSourceConfig' of type [com.dingpeng.java.exercise.lottery.resource.config.DataSourceConfig$$EnhancerBySpringCGLIB$$67236e8] is not eligible for getting processed by all BeanPostProcessors (for example: not eligible for auto-proxying)
[2019-03-06 10:31:19] INFO  PostProcessorRegistrationDelegate$BeanPostProcessorChecker.postProcessAfterInitialization #  - Bean 'dataSource' of type [com.alibaba.druid.pool.DruidDataSource] is not eligible for getting processed by all BeanPostProcessors (for example: not eligible for auto-proxying)
[2019-03-06 10:31:20] INFO  PostProcessorRegistrationDelegate$BeanPostProcessorChecker.postProcessAfterInitialization #  - Bean 'spring.datasource-org.springframework.boot.autoconfigure.jdbc.DataSourceProperties' of type [org.springframework.boot.autoconfigure.jdbc.DataSourceProperties] is not eligible for getting processed by all BeanPostProcessors (for example: not eligible for auto-proxying)
[2019-03-06 10:31:20] INFO  PostProcessorRegistrationDelegate$BeanPostProcessorChecker.postProcessAfterInitialization #  - Bean 'org.springframework.boot.autoconfigure.jdbc.DataSourceInitializerInvoker' of type [org.springframework.boot.autoconfigure.jdbc.DataSourceInitializerInvoker] is not eligible for getting processed by all BeanPostProcessors (for example: not eligible for auto-proxying)
[2019-03-06 10:31:20] INFO  PostProcessorRegistrationDelegate$BeanPostProcessorChecker.postProcessAfterInitialization #  - Bean 'mybatisConfig' of type [com.dingpeng.java.exercise.lottery.resource.config.MybatisConfig$$EnhancerBySpringCGLIB$$315f44f6] is not eligible for getting processed by all BeanPostProcessors (for example: not eligible for auto-proxying)
[2019-03-06 10:31:20] INFO  PostProcessorRegistrationDelegate$BeanPostProcessorChecker.postProcessAfterInitialization #  - Bean 'transactionManager' of type [org.springframework.jdbc.datasource.DataSourceTransactionManager] is not eligible for getting processed by all BeanPostProcessors (for example: not eligible for auto-proxying)
[2019-03-06 10:31:20] INFO  PostProcessorRegistrationDelegate$BeanPostProcessorChecker.postProcessAfterInitialization #  - Bean 'org.springframework.transaction.annotation.ProxyTransactionManagementConfiguration' of type [org.springframework.transaction.annotation.ProxyTransactionManagementConfiguration$$EnhancerBySpringCGLIB$$f64304c] is not eligible for getting processed by all BeanPostProcessors (for example: not eligible for auto-proxying)
[2019-03-06 10:31:20] INFO  TomcatWebServer.initialize #  - Tomcat initialized with port(s): 8084 (http)
[2019-03-06 10:31:22] INFO  ContextLoader.prepareWebApplicationContext #  - Root WebApplicationContext: initialization completed in 4144 ms
[2019-03-06 10:31:23] INFO  ThreadPoolTaskExecutor.initialize #  - Initializing ExecutorService 'applicationTaskExecutor'
[2019-03-06 10:31:24] INFO  TomcatWebServer.initialize #  - Tomcat initialized with port(s): 9522 (http)
[2019-03-06 10:31:24] INFO  ContextLoader.prepareWebApplicationContext #  - Root WebApplicationContext: initialization completed in 140 ms
[2019-03-06 10:31:24] INFO  EndpointLinksResolver.<init> #  - Exposing 2 endpoint(s) beneath base path '/actuator'
[2019-03-06 10:31:24] INFO  TomcatWebServer.start #  - Tomcat started on port(s): 9522 (http) with context path ''
[2019-03-06 10:31:24] INFO  TomcatWebServer.start #  - Tomcat started on port(s): 8084 (http) with context path ''
[2019-03-06 10:31:25] INFO  DispatcherServlet.initServletBean #  - Initializing Servlet 'dispatcherServlet'
[2019-03-06 10:31:25] INFO  DispatcherServlet.initServletBean #  - Completed initialization in 16 ms
[2019-03-06 10:34:31] INFO  ConfigurationClassPostProcessor.enhanceConfigurationClasses #  - Cannot enhance @Configuration bean definition 'mapperScannerConfig' since its singleton instance has been created too early. The typical cause is a non-static @Bean method with a BeanDefinitionRegistryPostProcessor return type: Consider declaring such methods as 'static'.
[2019-03-06 10:34:32] INFO  PostProcessorRegistrationDelegate$BeanPostProcessorChecker.postProcessAfterInitialization #  - Bean 'dataSourceConfig' of type [com.dingpeng.java.exercise.lottery.resource.config.DataSourceConfig$$EnhancerBySpringCGLIB$$c4344fdc] is not eligible for getting processed by all BeanPostProcessors (for example: not eligible for auto-proxying)
[2019-03-06 10:34:32] INFO  PostProcessorRegistrationDelegate$BeanPostProcessorChecker.postProcessAfterInitialization #  - Bean 'dataSource' of type [com.alibaba.druid.pool.DruidDataSource] is not eligible for getting processed by all BeanPostProcessors (for example: not eligible for auto-proxying)
[2019-03-06 10:34:32] INFO  PostProcessorRegistrationDelegate$BeanPostProcessorChecker.postProcessAfterInitialization #  - Bean 'spring.datasource-org.springframework.boot.autoconfigure.jdbc.DataSourceProperties' of type [org.springframework.boot.autoconfigure.jdbc.DataSourceProperties] is not eligible for getting processed by all BeanPostProcessors (for example: not eligible for auto-proxying)
[2019-03-06 10:34:32] INFO  PostProcessorRegistrationDelegate$BeanPostProcessorChecker.postProcessAfterInitialization #  - Bean 'org.springframework.boot.autoconfigure.jdbc.DataSourceInitializerInvoker' of type [org.springframework.boot.autoconfigure.jdbc.DataSourceInitializerInvoker] is not eligible for getting processed by all BeanPostProcessors (for example: not eligible for auto-proxying)
[2019-03-06 10:34:32] INFO  PostProcessorRegistrationDelegate$BeanPostProcessorChecker.postProcessAfterInitialization #  - Bean 'mybatisConfig' of type [com.dingpeng.java.exercise.lottery.resource.config.MybatisConfig$$EnhancerBySpringCGLIB$$ef215dea] is not eligible for getting processed by all BeanPostProcessors (for example: not eligible for auto-proxying)
[2019-03-06 10:34:32] INFO  PostProcessorRegistrationDelegate$BeanPostProcessorChecker.postProcessAfterInitialization #  - Bean 'transactionManager' of type [org.springframework.jdbc.datasource.DataSourceTransactionManager] is not eligible for getting processed by all BeanPostProcessors (for example: not eligible for auto-proxying)
[2019-03-06 10:34:32] INFO  PostProcessorRegistrationDelegate$BeanPostProcessorChecker.postProcessAfterInitialization #  - Bean 'org.springframework.transaction.annotation.ProxyTransactionManagementConfiguration' of type [org.springframework.transaction.annotation.ProxyTransactionManagementConfiguration$$EnhancerBySpringCGLIB$$cd264940] is not eligible for getting processed by all BeanPostProcessors (for example: not eligible for auto-proxying)
[2019-03-06 10:34:32] INFO  TomcatWebServer.initialize #  - Tomcat initialized with port(s): 8084 (http)
[2019-03-06 10:34:34] INFO  ContextLoader.prepareWebApplicationContext #  - Root WebApplicationContext: initialization completed in 4265 ms
[2019-03-06 10:34:35] INFO  ThreadPoolTaskExecutor.initialize #  - Initializing ExecutorService 'applicationTaskExecutor'
[2019-03-06 10:34:36] INFO  TomcatWebServer.initialize #  - Tomcat initialized with port(s): 9522 (http)
[2019-03-06 10:34:36] INFO  ContextLoader.prepareWebApplicationContext #  - Root WebApplicationContext: initialization completed in 147 ms
[2019-03-06 10:34:36] INFO  EndpointLinksResolver.<init> #  - Exposing 2 endpoint(s) beneath base path '/actuator'
[2019-03-06 10:34:36] INFO  TomcatWebServer.start #  - Tomcat started on port(s): 9522 (http) with context path ''
[2019-03-06 10:34:37] INFO  TomcatWebServer.start #  - Tomcat started on port(s): 8084 (http) with context path ''
[2019-03-06 10:34:37] INFO  DispatcherServlet.initServletBean #  - Initializing Servlet 'dispatcherServlet'
[2019-03-06 10:34:37] INFO  DispatcherServlet.initServletBean #  - Completed initialization in 15 ms
[2019-03-06 10:38:11] INFO  ConfigurationClassPostProcessor.enhanceConfigurationClasses #  - Cannot enhance @Configuration bean definition 'mapperScannerConfig' since its singleton instance has been created too early. The typical cause is a non-static @Bean method with a BeanDefinitionRegistryPostProcessor return type: Consider declaring such methods as 'static'.
[2019-03-06 10:38:12] INFO  PostProcessorRegistrationDelegate$BeanPostProcessorChecker.postProcessAfterInitialization #  - Bean 'dataSourceConfig' of type [com.dingpeng.java.exercise.lottery.resource.config.DataSourceConfig$$EnhancerBySpringCGLIB$$d45b1e65] is not eligible for getting processed by all BeanPostProcessors (for example: not eligible for auto-proxying)
[2019-03-06 10:38:12] INFO  PostProcessorRegistrationDelegate$BeanPostProcessorChecker.postProcessAfterInitialization #  - Bean 'dataSource' of type [com.alibaba.druid.pool.DruidDataSource] is not eligible for getting processed by all BeanPostProcessors (for example: not eligible for auto-proxying)
[2019-03-06 10:38:12] INFO  PostProcessorRegistrationDelegate$BeanPostProcessorChecker.postProcessAfterInitialization #  - Bean 'spring.datasource-org.springframework.boot.autoconfigure.jdbc.DataSourceProperties' of type [org.springframework.boot.autoconfigure.jdbc.DataSourceProperties] is not eligible for getting processed by all BeanPostProcessors (for example: not eligible for auto-proxying)
[2019-03-06 10:38:12] INFO  PostProcessorRegistrationDelegate$BeanPostProcessorChecker.postProcessAfterInitialization #  - Bean 'org.springframework.boot.autoconfigure.jdbc.DataSourceInitializerInvoker' of type [org.springframework.boot.autoconfigure.jdbc.DataSourceInitializerInvoker] is not eligible for getting processed by all BeanPostProcessors (for example: not eligible for auto-proxying)
[2019-03-06 10:38:12] INFO  PostProcessorRegistrationDelegate$BeanPostProcessorChecker.postProcessAfterInitialization #  - Bean 'mybatisConfig' of type [com.dingpeng.java.exercise.lottery.resource.config.MybatisConfig$$EnhancerBySpringCGLIB$$ff482c73] is not eligible for getting processed by all BeanPostProcessors (for example: not eligible for auto-proxying)
[2019-03-06 10:38:12] INFO  PostProcessorRegistrationDelegate$BeanPostProcessorChecker.postProcessAfterInitialization #  - Bean 'transactionManager' of type [org.springframework.jdbc.datasource.DataSourceTransactionManager] is not eligible for getting processed by all BeanPostProcessors (for example: not eligible for auto-proxying)
[2019-03-06 10:38:12] INFO  PostProcessorRegistrationDelegate$BeanPostProcessorChecker.postProcessAfterInitialization #  - Bean 'org.springframework.transaction.annotation.ProxyTransactionManagementConfiguration' of type [org.springframework.transaction.annotation.ProxyTransactionManagementConfiguration$$EnhancerBySpringCGLIB$$dd4d17c9] is not eligible for getting processed by all BeanPostProcessors (for example: not eligible for auto-proxying)
[2019-03-06 10:38:12] INFO  TomcatWebServer.initialize #  - Tomcat initialized with port(s): 8084 (http)
[2019-03-06 10:38:14] INFO  ContextLoader.prepareWebApplicationContext #  - Root WebApplicationContext: initialization completed in 4052 ms
[2019-03-06 10:38:15] INFO  ThreadPoolTaskExecutor.initialize #  - Initializing ExecutorService 'applicationTaskExecutor'
[2019-03-06 10:38:16] INFO  TomcatWebServer.initialize #  - Tomcat initialized with port(s): 9522 (http)
[2019-03-06 10:38:16] INFO  ContextLoader.prepareWebApplicationContext #  - Root WebApplicationContext: initialization completed in 135 ms
[2019-03-06 10:38:16] INFO  EndpointLinksResolver.<init> #  - Exposing 2 endpoint(s) beneath base path '/actuator'
[2019-03-06 10:38:16] INFO  TomcatWebServer.start #  - Tomcat started on port(s): 9522 (http) with context path ''
[2019-03-06 10:38:16] INFO  TomcatWebServer.start #  - Tomcat started on port(s): 8084 (http) with context path ''
[2019-03-06 10:38:17] INFO  DispatcherServlet.initServletBean #  - Initializing Servlet 'dispatcherServlet'
[2019-03-06 10:38:17] INFO  DispatcherServlet.initServletBean #  - Completed initialization in 17 ms
[2019-03-06 10:45:18] INFO  ConfigurationClassPostProcessor.enhanceConfigurationClasses #  - Cannot enhance @Configuration bean definition 'mapperScannerConfig' since its singleton instance has been created too early. The typical cause is a non-static @Bean method with a BeanDefinitionRegistryPostProcessor return type: Consider declaring such methods as 'static'.
[2019-03-06 10:45:19] INFO  PostProcessorRegistrationDelegate$BeanPostProcessorChecker.postProcessAfterInitialization #  - Bean 'dataSourceConfig' of type [com.dingpeng.java.exercise.lottery.resource.config.DataSourceConfig$$EnhancerBySpringCGLIB$$c10e65c0] is not eligible for getting processed by all BeanPostProcessors (for example: not eligible for auto-proxying)
[2019-03-06 10:45:19] INFO  PostProcessorRegistrationDelegate$BeanPostProcessorChecker.postProcessAfterInitialization #  - Bean 'dataSource' of type [com.alibaba.druid.pool.DruidDataSource] is not eligible for getting processed by all BeanPostProcessors (for example: not eligible for auto-proxying)
[2019-03-06 10:45:19] INFO  PostProcessorRegistrationDelegate$BeanPostProcessorChecker.postProcessAfterInitialization #  - Bean 'spring.datasource-org.springframework.boot.autoconfigure.jdbc.DataSourceProperties' of type [org.springframework.boot.autoconfigure.jdbc.DataSourceProperties] is not eligible for getting processed by all BeanPostProcessors (for example: not eligible for auto-proxying)
[2019-03-06 10:45:19] INFO  PostProcessorRegistrationDelegate$BeanPostProcessorChecker.postProcessAfterInitialization #  - Bean 'org.springframework.boot.autoconfigure.jdbc.DataSourceInitializerInvoker' of type [org.springframework.boot.autoconfigure.jdbc.DataSourceInitializerInvoker] is not eligible for getting processed by all BeanPostProcessors (for example: not eligible for auto-proxying)
[2019-03-06 10:45:19] INFO  PostProcessorRegistrationDelegate$BeanPostProcessorChecker.postProcessAfterInitialization #  - Bean 'mybatisConfig' of type [com.dingpeng.java.exercise.lottery.resource.config.MybatisConfig$$EnhancerBySpringCGLIB$$ebfb73ce] is not eligible for getting processed by all BeanPostProcessors (for example: not eligible for auto-proxying)
[2019-03-06 10:45:19] INFO  PostProcessorRegistrationDelegate$BeanPostProcessorChecker.postProcessAfterInitialization #  - Bean 'transactionManager' of type [org.springframework.jdbc.datasource.DataSourceTransactionManager] is not eligible for getting processed by all BeanPostProcessors (for example: not eligible for auto-proxying)
[2019-03-06 10:45:19] INFO  PostProcessorRegistrationDelegate$BeanPostProcessorChecker.postProcessAfterInitialization #  - Bean 'org.springframework.transaction.annotation.ProxyTransactionManagementConfiguration' of type [org.springframework.transaction.annotation.ProxyTransactionManagementConfiguration$$EnhancerBySpringCGLIB$$ca005f24] is not eligible for getting processed by all BeanPostProcessors (for example: not eligible for auto-proxying)
[2019-03-06 10:45:19] INFO  TomcatWebServer.initialize #  - Tomcat initialized with port(s): 8084 (http)
[2019-03-06 10:45:21] INFO  ContextLoader.prepareWebApplicationContext #  - Root WebApplicationContext: initialization completed in 4171 ms
[2019-03-06 10:45:22] INFO  ThreadPoolTaskExecutor.initialize #  - Initializing ExecutorService 'applicationTaskExecutor'
[2019-03-06 10:45:23] INFO  TomcatWebServer.initialize #  - Tomcat initialized with port(s): 9522 (http)
[2019-03-06 10:45:23] INFO  ContextLoader.prepareWebApplicationContext #  - Root WebApplicationContext: initialization completed in 132 ms
[2019-03-06 10:45:23] INFO  EndpointLinksResolver.<init> #  - Exposing 2 endpoint(s) beneath base path '/actuator'
[2019-03-06 10:45:23] INFO  TomcatWebServer.start #  - Tomcat started on port(s): 9522 (http) with context path ''
[2019-03-06 10:45:24] INFO  TomcatWebServer.start #  - Tomcat started on port(s): 8084 (http) with context path ''
[2019-03-06 10:45:24] INFO  DispatcherServlet.initServletBean #  - Initializing Servlet 'dispatcherServlet'
[2019-03-06 10:45:24] INFO  DispatcherServlet.initServletBean #  - Completed initialization in 28 ms
[2019-03-06 10:50:19] INFO  ConfigurationClassPostProcessor.enhanceConfigurationClasses #  - Cannot enhance @Configuration bean definition 'mapperScannerConfig' since its singleton instance has been created too early. The typical cause is a non-static @Bean method with a BeanDefinitionRegistryPostProcessor return type: Consider declaring such methods as 'static'.
[2019-03-06 10:50:19] INFO  PostProcessorRegistrationDelegate$BeanPostProcessorChecker.postProcessAfterInitialization #  - Bean 'dataSourceConfig' of type [com.dingpeng.java.exercise.lottery.resource.config.DataSourceConfig$$EnhancerBySpringCGLIB$$5022d853] is not eligible for getting processed by all BeanPostProcessors (for example: not eligible for auto-proxying)
[2019-03-06 10:50:19] INFO  PostProcessorRegistrationDelegate$BeanPostProcessorChecker.postProcessAfterInitialization #  - Bean 'dataSource' of type [com.alibaba.druid.pool.DruidDataSource] is not eligible for getting processed by all BeanPostProcessors (for example: not eligible for auto-proxying)
[2019-03-06 10:50:19] INFO  PostProcessorRegistrationDelegate$BeanPostProcessorChecker.postProcessAfterInitialization #  - Bean 'spring.datasource-org.springframework.boot.autoconfigure.jdbc.DataSourceProperties' of type [org.springframework.boot.autoconfigure.jdbc.DataSourceProperties] is not eligible for getting processed by all BeanPostProcessors (for example: not eligible for auto-proxying)
[2019-03-06 10:50:19] INFO  PostProcessorRegistrationDelegate$BeanPostProcessorChecker.postProcessAfterInitialization #  - Bean 'org.springframework.boot.autoconfigure.jdbc.DataSourceInitializerInvoker' of type [org.springframework.boot.autoconfigure.jdbc.DataSourceInitializerInvoker] is not eligible for getting processed by all BeanPostProcessors (for example: not eligible for auto-proxying)
[2019-03-06 10:50:19] INFO  PostProcessorRegistrationDelegate$BeanPostProcessorChecker.postProcessAfterInitialization #  - Bean 'mybatisConfig' of type [com.dingpeng.java.exercise.lottery.resource.config.MybatisConfig$$EnhancerBySpringCGLIB$$7b0fe661] is not eligible for getting processed by all BeanPostProcessors (for example: not eligible for auto-proxying)
[2019-03-06 10:50:19] INFO  PostProcessorRegistrationDelegate$BeanPostProcessorChecker.postProcessAfterInitialization #  - Bean 'transactionManager' of type [org.springframework.jdbc.datasource.DataSourceTransactionManager] is not eligible for getting processed by all BeanPostProcessors (for example: not eligible for auto-proxying)
[2019-03-06 10:50:19] INFO  PostProcessorRegistrationDelegate$BeanPostProcessorChecker.postProcessAfterInitialization #  - Bean 'org.springframework.transaction.annotation.ProxyTransactionManagementConfiguration' of type [org.springframework.transaction.annotation.ProxyTransactionManagementConfiguration$$EnhancerBySpringCGLIB$$5914d1b7] is not eligible for getting processed by all BeanPostProcessors (for example: not eligible for auto-proxying)
[2019-03-06 10:50:20] INFO  TomcatWebServer.initialize #  - Tomcat initialized with port(s): 8084 (http)
[2019-03-06 10:50:21] INFO  ContextLoader.prepareWebApplicationContext #  - Root WebApplicationContext: initialization completed in 4177 ms
[2019-03-06 10:50:23] INFO  ThreadPoolTaskExecutor.initialize #  - Initializing ExecutorService 'applicationTaskExecutor'
[2019-03-06 10:50:24] INFO  TomcatWebServer.initialize #  - Tomcat initialized with port(s): 9522 (http)
[2019-03-06 10:50:24] INFO  ContextLoader.prepareWebApplicationContext #  - Root WebApplicationContext: initialization completed in 227 ms
[2019-03-06 10:50:24] INFO  EndpointLinksResolver.<init> #  - Exposing 2 endpoint(s) beneath base path '/actuator'
[2019-03-06 10:50:24] INFO  TomcatWebServer.start #  - Tomcat started on port(s): 9522 (http) with context path ''
[2019-03-06 10:50:25] INFO  TomcatWebServer.start #  - Tomcat started on port(s): 8084 (http) with context path ''
[2019-03-06 10:50:25] INFO  DispatcherServlet.initServletBean #  - Initializing Servlet 'dispatcherServlet'
[2019-03-06 10:50:25] INFO  DispatcherServlet.initServletBean #  - Completed initialization in 19 ms
